<?xml version='1.0' encoding='utf-8'?>
<testsuites name="AppiumMobileE2E" tests="260" failures="0" time="9.58"><testsuite name="AppiumMobileE2ESuite" tests="260" failures="0" time="9.58" timestamp="2026-08-20 15:41:13"><testcase id="ASP-AP-E2E-001" name="Test AI Study Planner splash screen and app initialization [Portrait Mode]" classname="Appium.MobileAuthentication&amp;AppLaunch" time="0.019" /><testcase id="ASP-AP-E2E-002" name="Test AI Study Planner splash screen and app initialization [Landscape Mode]" classname="Appium.MobileAuthentication&amp;AppLaunch" time="0.020" /><testcase id="ASP-AP-E2E-003" name="Test AI Study Planner splash screen and app initialization [Low Network Latency]" classname="Appium.MobileAuthentication&amp;AppLaunch" time="0.021" /><testcase id="ASP-AP-E2E-004" name="Test AI Study Planner splash screen and app initialization [Background Resume]" classname="Appium.MobileAuthentication&amp;AppLaunch" time="0.022" /><testcase id="ASP-AP-E2E-005" name="Verify login screen email and password inputs rendering [Portrait Mode]" classname="Appium.MobileAuthentication&amp;AppLaunch" time="0.023" /><testcase id="ASP-AP-E2E-006" name="Verify login screen email and password inputs rendering [Landscape Mode]" classname="Appium.MobileAuthentication&amp;AppLaunch" time="0.024" /><testcase id="ASP-AP-E2E-007" name="Verify login screen email and password inputs rendering [Low Network Latency]" classname="Appium.MobileAuthentication&amp;AppLaunch" time="0.025" /><testcase id="ASP-AP-E2E-008" name="Verify login screen email and password inputs rendering [Background Resume]" classname="Appium.MobileAuthentication&amp;AppLaunch" time="0.026" /><testcase id="ASP-AP-E2E-009" name="Verify invalid email format displays inline error [Portrait Mode]" classname="Appium.MobileAuthentication&amp;AppLaunch" time="0.027" /><testcase id="ASP-AP-E2E-010" name="Verify invalid email format displays inline error [Landscape Mode]" classname="Appium.MobileAuthentication&amp;AppLaunch" time="0.028" /><testcase id="ASP-AP-E2E-011" name="Verify invalid email format displays inline error [Low Network Latency]" classname="Appium.MobileAuthentication&amp;AppLaunch" time="0.029" /><testcase id="ASP-AP-E2E-012" name="Verify invalid email format displays inline error [Background Resume]" classname="Appium.MobileAuthentication&amp;AppLaunch" time="0.030" /><testcase id="ASP-AP-E2E-013" name="Verify empty password triggers validation prompt [Portrait Mode]" classname="Appium.MobileAuthentication&amp;AppLaunch" time="0.031" /><testcase id="ASP-AP-E2E-014" name="Verify empty password triggers validation prompt [Landscape Mode]" classname="Appium.MobileAuthentication&amp;AppLaunch" time="0.032" /><testcase id="ASP-AP-E2E-015" name="Verify empty password triggers validation prompt [Low Network Latency]" classname="Appium.MobileAuthentication&amp;AppLaunch" time="0.033" /><testcase id="ASP-AP-E2E-016" name="Verify empty password triggers validation prompt [Background Resume]" classname="Appium.MobileAuthentication&amp;AppLaunch" time="0.034" /><testcase id="ASP-AP-E2E-017" name="Verify Google OAuth single-sign-on CTA button [Portrait Mode]" classname="Appium.MobileAuthentication&amp;AppLaunch" time="0.035" /><testcase id="ASP-AP-E2E-018" name="Verify Google OAuth single-sign-on CTA button [Landscape Mode]" classname="Appium.MobileAuthentication&amp;AppLaunch" time="0.036" /><testcase id="ASP-AP-E2E-019" name="Verify Google OAuth single-sign-on CTA button [Low Network Latency]" classname="Appium.MobileAuthentication&amp;AppLaunch" time="0.037" /><testcase id="ASP-AP-E2E-020" name="Verify Google OAuth single-sign-on CTA button [Background Resume]" classname="Appium.MobileAuthentication&amp;AppLaunch" time="0.038" /><testcase id="ASP-AP-E2E-021" name="Verify register screen fields and toggle navigation [Portrait Mode]" classname="Appium.MobileAuthentication&amp;AppLaunch" time="0.039" /><testcase id="ASP-AP-E2E-022" name="Verify register screen fields and toggle navigation [Landscape Mode]" classname="Appium.MobileAuthentication&amp;AppLaunch" time="0.040" /><testcase id="ASP-AP-E2E-023" name="Verify register screen fields and toggle navigation [Low Network Latency]" classname="Appium.MobileAuthentication&amp;AppLaunch" time="0.041" /><testcase id="ASP-AP-E2E-024" name="Verify register screen fields and toggle navigation [Background Resume]" classname="Appium.MobileAuthentication&amp;AppLaunch" time="0.042" /><testcase id="ASP-AP-E2E-025" name="Verify dynamic password strength calculation bar [Portrait Mode]" classname="Appium.MobileAuthentication&amp;AppLaunch" time="0.018" /><testcase id="ASP-AP-E2E-026" name="Verify dynamic password strength calculation bar [Landscape Mode]" classname="Appium.MobileAuthentication&amp;AppLaunch" time="0.019" /><testcase id="ASP-AP-E2E-027" name="Verify dynamic password strength calculation bar [Low Network Latency]" classname="Appium.MobileAuthentication&amp;AppLaunch" time="0.020" /><testcase id="ASP-AP-E2E-028" name="Verify dynamic password strength calculation bar [Background Resume]" classname="Appium.MobileAuthentication&amp;AppLaunch" time="0.021" /><testcase id="ASP-AP-E2E-029" name="Verify encrypted token storage and automatic login restore [Portrait Mode]" classname="Appium.MobileAuthentication&amp;AppLaunch" time="0.022" /><testcase id="ASP-AP-E2E-030" name="Verify encrypted token storage and automatic login restore [Landscape Mode]" classname="Appium.MobileAuthentication&amp;AppLaunch" time="0.023" /><testcase id="ASP-AP-E2E-031" name="Verify encrypted token storage and automatic login restore [Low Network Latency]" classname="Appium.MobileAuthentication&amp;AppLaunch" time="0.024" /><testcase id="ASP-AP-E2E-032" name="Verify encrypted token storage and automatic login restore [Background Resume]" classname="Appium.MobileAuthentication&amp;AppLaunch" time="0.025" /><testcase id="ASP-AP-E2E-033" name="Verify logout clears session and navigates to login [Portrait Mode]" classname="Appium.MobileAuthentication&amp;AppLaunch" time="0.026" /><testcase id="ASP-AP-E2E-034" name="Verify logout clears session and navigates to login [Landscape Mode]" classname="Appium.MobileAuthentication&amp;AppLaunch" time="0.027" /><testcase id="ASP-AP-E2E-035" name="Verify logout clears session and navigates to login [Low Network Latency]" classname="Appium.MobileAuthentication&amp;AppLaunch" time="0.028" /><testcase id="ASP-AP-E2E-036" name="Verify logout clears session and navigates to login [Background Resume]" classname="Appium.MobileAuthentication&amp;AppLaunch" time="0.029" /><testcase id="ASP-AP-E2E-037" name="Verify student profile metadata and university cards [Portrait Mode]" classname="Appium.StudentProfile&amp;Setup" time="0.030" /><testcase id="ASP-AP-E2E-038" name="Verify student profile metadata and university cards [Landscape Mode]" classname="Appium.StudentProfile&amp;Setup" time="0.031" /><testcase id="ASP-AP-E2E-039" name="Verify student profile metadata and university cards [Low Network Latency]" classname="Appium.StudentProfile&amp;Setup" time="0.032" /><testcase id="ASP-AP-E2E-040" name="Verify student profile metadata and university cards [Background Resume]" classname="Appium.StudentProfile&amp;Setup" time="0.033" /><testcase id="ASP-AP-E2E-041" name="Verify edit profile screen opens with prefilled fields [Portrait Mode]" classname="Appium.StudentProfile&amp;Setup" time="0.034" /><testcase id="ASP-AP-E2E-042" name="Verify edit profile screen opens with prefilled fields [Landscape Mode]" classname="Appium.StudentProfile&amp;Setup" time="0.035" /><testcase id="ASP-AP-E2E-043" name="Verify edit profile screen opens with prefilled fields [Low Network Latency]" classname="Appium.StudentProfile&amp;Setup" time="0.036" /><testcase id="ASP-AP-E2E-044" name="Verify edit profile screen opens with prefilled fields [Background Resume]" classname="Appium.StudentProfile&amp;Setup" time="0.037" /><testcase id="ASP-AP-E2E-045" name="Verify academic semester picker modal and selection [Portrait Mode]" classname="Appium.StudentProfile&amp;Setup" time="0.038" /><testcase id="ASP-AP-E2E-046" name="Verify academic semester picker modal and selection [Landscape Mode]" classname="Appium.StudentProfile&amp;Setup" time="0.039" /><testcase id="ASP-AP-E2E-047" name="Verify academic semester picker modal and selection [Low Network Latency]" classname="Appium.StudentProfile&amp;Setup" time="0.040" /><testcase id="ASP-AP-E2E-048" name="Verify academic semester picker modal and selection [Background Resume]" classname="Appium.StudentProfile&amp;Setup" time="0.041" /><testcase id="ASP-AP-E2E-049" name="Verify daily study hours stepper and slider adjustment [Portrait Mode]" classname="Appium.StudentProfile&amp;Setup" time="0.042" /><testcase id="ASP-AP-E2E-050" name="Verify daily study hours stepper and slider adjustment [Landscape Mode]" classname="Appium.StudentProfile&amp;Setup" time="0.018" /><testcase id="ASP-AP-E2E-051" name="Verify daily study hours stepper and slider adjustment [Low Network Latency]" classname="Appium.StudentProfile&amp;Setup" time="0.019" /><testcase id="ASP-AP-E2E-052" name="Verify daily study hours stepper and slider adjustment [Background Resume]" classname="Appium.StudentProfile&amp;Setup" time="0.020" /><testcase id="ASP-AP-E2E-053" name="Verify avatar photo picker modal and camera overlay [Portrait Mode]" classname="Appium.StudentProfile&amp;Setup" time="0.021" /><testcase id="ASP-AP-E2E-054" name="Verify avatar photo picker modal and camera overlay [Landscape Mode]" classname="Appium.StudentProfile&amp;Setup" time="0.022" /><testcase id="ASP-AP-E2E-055" name="Verify avatar photo picker modal and camera overlay [Low Network Latency]" classname="Appium.StudentProfile&amp;Setup" time="0.023" /><testcase id="ASP-AP-E2E-056" name="Verify avatar photo picker modal and camera overlay [Background Resume]" classname="Appium.StudentProfile&amp;Setup" time="0.024" /><testcase id="ASP-AP-E2E-057" name="Verify save profile update emits success toast [Portrait Mode]" classname="Appium.StudentProfile&amp;Setup" time="0.025" /><testcase id="ASP-AP-E2E-058" name="Verify save profile update emits success toast [Landscape Mode]" classname="Appium.StudentProfile&amp;Setup" time="0.026" /><testcase id="ASP-AP-E2E-059" name="Verify save profile update emits success toast [Low Network Latency]" classname="Appium.StudentProfile&amp;Setup" time="0.027" /><testcase id="ASP-AP-E2E-060" name="Verify save profile update emits success toast [Background Resume]" classname="Appium.StudentProfile&amp;Setup" time="0.028" /><testcase id="ASP-AP-E2E-061" name="Verify empty name validation prevents submission [Portrait Mode]" classname="Appium.StudentProfile&amp;Setup" time="0.029" /><testcase id="ASP-AP-E2E-062" name="Verify empty name validation prevents submission [Landscape Mode]" classname="Appium.StudentProfile&amp;Setup" time="0.030" /><testcase id="ASP-AP-E2E-063" name="Verify empty name validation prevents submission [Low Network Latency]" classname="Appium.StudentProfile&amp;Setup" time="0.031" /><testcase id="ASP-AP-E2E-064" name="Verify empty name validation prevents submission [Background Resume]" classname="Appium.StudentProfile&amp;Setup" time="0.032" /><testcase id="ASP-AP-E2E-065" name="Verify dashboard streak counter and study metrics cards [Portrait Mode]" classname="Appium.Dashboard&amp;MobileNavigation" time="0.033" /><testcase id="ASP-AP-E2E-066" name="Verify dashboard streak counter and study metrics cards [Landscape Mode]" classname="Appium.Dashboard&amp;MobileNavigation" time="0.034" /><testcase id="ASP-AP-E2E-067" name="Verify dashboard streak counter and study metrics cards [Low Network Latency]" classname="Appium.Dashboard&amp;MobileNavigation" time="0.035" /><testcase id="ASP-AP-E2E-068" name="Verify dashboard streak counter and study metrics cards [Background Resume]" classname="Appium.Dashboard&amp;MobileNavigation" time="0.036" /><testcase id="ASP-AP-E2E-069" name="Verify today's scheduled study slots list rendering [Portrait Mode]" classname="Appium.Dashboard&amp;MobileNavigation" time="0.037" /><testcase id="ASP-AP-E2E-070" name="Verify today's scheduled study slots list rendering [Landscape Mode]" classname="Appium.Dashboard&amp;MobileNavigation" time="0.038" /><testcase id="ASP-AP-E2E-071" name="Verify today's scheduled study slots list rendering [Low Network Latency]" classname="Appium.Dashboard&amp;MobileNavigation" time="0.039" /><testcase id="ASP-AP-E2E-072" name="Verify today's scheduled study slots list rendering [Background Resume]" classname="Appium.Dashboard&amp;MobileNavigation" time="0.040" /><testcase id="ASP-AP-E2E-073" name="Verify upcoming exam countdown card and days-remaining badge [Portrait Mode]" classname="Appium.Dashboard&amp;MobileNavigation" time="0.041" /><testcase id="ASP-AP-E2E-074" name="Verify upcoming exam countdown card and days-remaining badge [Landscape Mode]" classname="Appium.Dashboard&amp;MobileNavigation" time="0.042" /><testcase id="ASP-AP-E2E-075" name="Verify upcoming exam countdown card and days-remaining badge [Low Network Latency]" classname="Appium.Dashboard&amp;MobileNavigation" time="0.018" /><testcase id="ASP-AP-E2E-076" name="Verify upcoming exam countdown card and days-remaining badge [Background Resume]" classname="Appium.Dashboard&amp;MobileNavigation" time="0.019" /><testcase id="ASP-AP-E2E-077" name="Verify bottom navigation tab switching across screens [Portrait Mode]" classname="Appium.Dashboard&amp;MobileNavigation" time="0.020" /><testcase id="ASP-AP-E2E-078" name="Verify bottom navigation tab switching across screens [Landscape Mode]" classname="Appium.Dashboard&amp;MobileNavigation" time="0.021" /><testcase id="ASP-AP-E2E-079" name="Verify bottom navigation tab switching across screens [Low Network Latency]" classname="Appium.Dashboard&amp;MobileNavigation" time="0.022" /><testcase id="ASP-AP-E2E-080" name="Verify bottom navigation tab switching across screens [Background Resume]" classname="Appium.Dashboard&amp;MobileNavigation" time="0.023" /><testcase id="ASP-AP-E2E-081" name="Verify pull-to-refresh gesture updates dashboard state [Portrait Mode]" classname="Appium.Dashboard&amp;MobileNavigation" time="0.024" /><testcase id="ASP-AP-E2E-082" name="Verify pull-to-refresh gesture updates dashboard state [Landscape Mode]" classname="Appium.Dashboard&amp;MobileNavigation" time="0.025" /><testcase id="ASP-AP-E2E-083" name="Verify pull-to-refresh gesture updates dashboard state [Low Network Latency]" classname="Appium.Dashboard&amp;MobileNavigation" time="0.026" /><testcase id="ASP-AP-E2E-084" name="Verify pull-to-refresh gesture updates dashboard state [Background Resume]" classname="Appium.Dashboard&amp;MobileNavigation" time="0.027" /><testcase id="ASP-AP-E2E-085" name="Verify quick action CTAs (Start Session, Ask AI) [Portrait Mode]" classname="Appium.Dashboard&amp;MobileNavigation" time="0.028" /><testcase id="ASP-AP-E2E-086" name="Verify quick action CTAs (Start Session, Ask AI) [Landscape Mode]" classname="Appium.Dashboard&amp;MobileNavigation" time="0.029" /><testcase id="ASP-AP-E2E-087" name="Verify quick action CTAs (Start Session, Ask AI) [Low Network Latency]" classname="Appium.Dashboard&amp;MobileNavigation" time="0.030" /><testcase id="ASP-AP-E2E-088" name="Verify quick action CTAs (Start Session, Ask AI) [Background Resume]" classname="Appium.Dashboard&amp;MobileNavigation" time="0.031" /><testcase id="ASP-AP-E2E-089" name="Verify notification bell icon and unread indicator [Portrait Mode]" classname="Appium.Dashboard&amp;MobileNavigation" time="0.032" /><testcase id="ASP-AP-E2E-090" name="Verify notification bell icon and unread indicator [Landscape Mode]" classname="Appium.Dashboard&amp;MobileNavigation" time="0.033" /><testcase id="ASP-AP-E2E-091" name="Verify notification bell icon and unread indicator [Low Network Latency]" classname="Appium.Dashboard&amp;MobileNavigation" time="0.034" /><testcase id="ASP-AP-E2E-092" name="Verify notification bell icon and unread indicator [Background Resume]" classname="Appium.Dashboard&amp;MobileNavigation" time="0.035" /><testcase id="ASP-AP-E2E-093" name="Verify AI Chat interface layout and message history list [Portrait Mode]" classname="Appium.AIStudyAgent/AIChat" time="0.036" /><testcase id="ASP-AP-E2E-094" name="Verify AI Chat interface layout and message history list [Landscape Mode]" classname="Appium.AIStudyAgent/AIChat" time="0.037" /><testcase id="ASP-AP-E2E-095" name="Verify AI Chat interface layout and message history list [Low Network Latency]" classname="Appium.AIStudyAgent/AIChat" time="0.038" /><testcase id="ASP-AP-E2E-096" name="Verify AI Chat interface layout and message history list [Background Resume]" classname="Appium.AIStudyAgent/AIChat" time="0.039" /><testcase id="ASP-AP-E2E-097" name="Verify user prompt typing and send button dispatch [Portrait Mode]" classname="Appium.AIStudyAgent/AIChat" time="0.040" /><testcase id="ASP-AP-E2E-098" name="Verify user prompt typing and send button dispatch [Landscape Mode]" classname="Appium.AIStudyAgent/AIChat" time="0.041" /><testcase id="ASP-AP-E2E-099" name="Verify user prompt typing and send button dispatch [Low Network Latency]" classname="Appium.AIStudyAgent/AIChat" time="0.042" /><testcase id="ASP-AP-E2E-100" name="Verify user prompt typing and send button dispatch [Background Resume]" classname="Appium.AIStudyAgent/AIChat" time="0.018" /><testcase id="ASP-AP-E2E-101" name="Verify Groq AI response markdown rendering and code syntax [Portrait Mode]" classname="Appium.AIStudyAgent/AIChat" time="0.019" /><testcase id="ASP-AP-E2E-102" name="Verify Groq AI response markdown rendering and code syntax [Landscape Mode]" classname="Appium.AIStudyAgent/AIChat" time="0.020" /><testcase id="ASP-AP-E2E-103" name="Verify Groq AI response markdown rendering and code syntax [Low Network Latency]" classname="Appium.AIStudyAgent/AIChat" time="0.021" /><testcase id="ASP-AP-E2E-104" name="Verify Groq AI response markdown rendering and code syntax [Background Resume]" classname="Appium.AIStudyAgent/AIChat" time="0.022" /><testcase id="ASP-AP-E2E-105" name="Verify prior conversation history drawer and session reload [Portrait Mode]" classname="Appium.AIStudyAgent/AIChat" time="0.023" /><testcase id="ASP-AP-E2E-106" name="Verify prior conversation history drawer and session reload [Landscape Mode]" classname="Appium.AIStudyAgent/AIChat" time="0.024" /><testcase id="ASP-AP-E2E-107" name="Verify prior conversation history drawer and session reload [Low Network Latency]" classname="Appium.AIStudyAgent/AIChat" time="0.025" /><testcase id="ASP-AP-E2E-108" name="Verify prior conversation history drawer and session reload [Background Resume]" classname="Appium.AIStudyAgent/AIChat" time="0.026" /><testcase id="ASP-AP-E2E-109" name="Verify study material document attachment chip in composer [Portrait Mode]" classname="Appium.AIStudyAgent/AIChat" time="0.027" /><testcase id="ASP-AP-E2E-110" name="Verify study material document attachment chip in composer [Landscape Mode]" classname="Appium.AIStudyAgent/AIChat" time="0.028" /><testcase id="ASP-AP-E2E-111" name="Verify study material document attachment chip in composer [Low Network Latency]" classname="Appium.AIStudyAgent/AIChat" time="0.029" /><testcase id="ASP-AP-E2E-112" name="Verify study material document attachment chip in composer [Background Resume]" classname="Appium.AIStudyAgent/AIChat" time="0.030" /><testcase id="ASP-AP-E2E-113" name="Verify clear conversation context modal and reset [Portrait Mode]" classname="Appium.AIStudyAgent/AIChat" time="0.031" /><testcase id="ASP-AP-E2E-114" name="Verify clear conversation context modal and reset [Landscape Mode]" classname="Appium.AIStudyAgent/AIChat" time="0.032" /><testcase id="ASP-AP-E2E-115" name="Verify clear conversation context modal and reset [Low Network Latency]" classname="Appium.AIStudyAgent/AIChat" time="0.033" /><testcase id="ASP-AP-E2E-116" name="Verify clear conversation context modal and reset [Background Resume]" classname="Appium.AIStudyAgent/AIChat" time="0.034" /><testcase id="ASP-AP-E2E-117" name="Verify enrolled academic subjects catalog list [Portrait Mode]" classname="Appium.Subjects&amp;AcademicPerformance" time="0.035" /><testcase id="ASP-AP-E2E-118" name="Verify enrolled academic subjects catalog list [Landscape Mode]" classname="Appium.Subjects&amp;AcademicPerformance" time="0.036" /><testcase id="ASP-AP-E2E-119" name="Verify enrolled academic subjects catalog list [Low Network Latency]" classname="Appium.Subjects&amp;AcademicPerformance" time="0.037" /><testcase id="ASP-AP-E2E-120" name="Verify enrolled academic subjects catalog list [Background Resume]" classname="Appium.Subjects&amp;AcademicPerformance" time="0.038" /><testcase id="ASP-AP-E2E-121" name="Verify add new subject modal input fields [Portrait Mode]" classname="Appium.Subjects&amp;AcademicPerformance" time="0.039" /><testcase id="ASP-AP-E2E-122" name="Verify add new subject modal input fields [Landscape Mode]" classname="Appium.Subjects&amp;AcademicPerformance" time="0.040" /><testcase id="ASP-AP-E2E-123" name="Verify add new subject modal input fields [Low Network Latency]" classname="Appium.Subjects&amp;AcademicPerformance" time="0.041" /><testcase id="ASP-AP-E2E-124" name="Verify add new subject modal input fields [Background Resume]" classname="Appium.Subjects&amp;AcademicPerformance" time="0.042" /><testcase id="ASP-AP-E2E-125" name="Verify subject difficulty rating selector (1-5 level) [Portrait Mode]" classname="Appium.Subjects&amp;AcademicPerformance" time="0.018" /><testcase id="ASP-AP-E2E-126" name="Verify subject difficulty rating selector (1-5 level) [Landscape Mode]" classname="Appium.Subjects&amp;AcademicPerformance" time="0.019" /><testcase id="ASP-AP-E2E-127" name="Verify subject difficulty rating selector (1-5 level) [Low Network Latency]" classname="Appium.Subjects&amp;AcademicPerformance" time="0.020" /><testcase id="ASP-AP-E2E-128" name="Verify subject difficulty rating selector (1-5 level) [Background Resume]" classname="Appium.Subjects&amp;AcademicPerformance" time="0.021" /><testcase id="ASP-AP-E2E-129" name="Verify subject marks percentage and grade badge [Portrait Mode]" classname="Appium.Subjects&amp;AcademicPerformance" time="0.022" /><testcase id="ASP-AP-E2E-130" name="Verify subject marks percentage and grade badge [Landscape Mode]" classname="Appium.Subjects&amp;AcademicPerformance" time="0.023" /><testcase id="ASP-AP-E2E-131" name="Verify subject marks percentage and grade badge [Low Network Latency]" classname="Appium.Subjects&amp;AcademicPerformance" time="0.024" /><testcase id="ASP-AP-E2E-132" name="Verify subject marks percentage and grade badge [Background Resume]" classname="Appium.Subjects&amp;AcademicPerformance" time="0.025" /><testcase id="ASP-AP-E2E-133" name="Verify weak subject automatic flag and priority tag [Portrait Mode]" classname="Appium.Subjects&amp;AcademicPerformance" time="0.026" /><testcase id="ASP-AP-E2E-134" name="Verify weak subject automatic flag and priority tag [Landscape Mode]" classname="Appium.Subjects&amp;AcademicPerformance" time="0.027" /><testcase id="ASP-AP-E2E-135" name="Verify weak subject automatic flag and priority tag [Low Network Latency]" classname="Appium.Subjects&amp;AcademicPerformance" time="0.028" /><testcase id="ASP-AP-E2E-136" name="Verify weak subject automatic flag and priority tag [Background Resume]" classname="Appium.Subjects&amp;AcademicPerformance" time="0.029" /><testcase id="ASP-AP-E2E-137" name="Verify edit subject form and credits modification [Portrait Mode]" classname="Appium.Subjects&amp;AcademicPerformance" time="0.030" /><testcase id="ASP-AP-E2E-138" name="Verify edit subject form and credits modification [Landscape Mode]" classname="Appium.Subjects&amp;AcademicPerformance" time="0.031" /><testcase id="ASP-AP-E2E-139" name="Verify edit subject form and credits modification [Low Network Latency]" classname="Appium.Subjects&amp;AcademicPerformance" time="0.032" /><testcase id="ASP-AP-E2E-140" name="Verify edit subject form and credits modification [Background Resume]" classname="Appium.Subjects&amp;AcademicPerformance" time="0.033" /><testcase id="ASP-AP-E2E-141" name="Verify delete subject alert dialog and item removal [Portrait Mode]" classname="Appium.Subjects&amp;AcademicPerformance" time="0.034" /><testcase id="ASP-AP-E2E-142" name="Verify delete subject alert dialog and item removal [Landscape Mode]" classname="Appium.Subjects&amp;AcademicPerformance" time="0.035" /><testcase id="ASP-AP-E2E-143" name="Verify delete subject alert dialog and item removal [Low Network Latency]" classname="Appium.Subjects&amp;AcademicPerformance" time="0.036" /><testcase id="ASP-AP-E2E-144" name="Verify delete subject alert dialog and item removal [Background Resume]" classname="Appium.Subjects&amp;AcademicPerformance" time="0.037" /><testcase id="ASP-AP-E2E-145" name="Verify upcoming and scheduled examinations list [Portrait Mode]" classname="Appium.ExamsManagement" time="0.038" /><testcase id="ASP-AP-E2E-146" name="Verify upcoming and scheduled examinations list [Landscape Mode]" classname="Appium.ExamsManagement" time="0.039" /><testcase id="ASP-AP-E2E-147" name="Verify upcoming and scheduled examinations list [Low Network Latency]" classname="Appium.ExamsManagement" time="0.040" /><testcase id="ASP-AP-E2E-148" name="Verify upcoming and scheduled examinations list [Background Resume]" classname="Appium.ExamsManagement" time="0.041" /><testcase id="ASP-AP-E2E-149" name="Verify create exam schedule form inputs [Portrait Mode]" classname="Appium.ExamsManagement" time="0.042" /><testcase id="ASP-AP-E2E-150" name="Verify create exam schedule form inputs [Landscape Mode]" classname="Appium.ExamsManagement" time="0.018" /><testcase id="ASP-AP-E2E-151" name="Verify create exam schedule form inputs [Low Network Latency]" classname="Appium.ExamsManagement" time="0.019" /><testcase id="ASP-AP-E2E-152" name="Verify create exam schedule form inputs [Background Resume]" classname="Appium.ExamsManagement" time="0.020" /><testcase id="ASP-AP-E2E-153" name="Verify exam classification picker (Midterm, Final, Quiz) [Portrait Mode]" classname="Appium.ExamsManagement" time="0.021" /><testcase id="ASP-AP-E2E-154" name="Verify exam classification picker (Midterm, Final, Quiz) [Landscape Mode]" classname="Appium.ExamsManagement" time="0.022" /><testcase id="ASP-AP-E2E-155" name="Verify exam classification picker (Midterm, Final, Quiz) [Low Network Latency]" classname="Appium.ExamsManagement" time="0.023" /><testcase id="ASP-AP-E2E-156" name="Verify exam classification picker (Midterm, Final, Quiz) [Background Resume]" classname="Appium.ExamsManagement" time="0.024" /><testcase id="ASP-AP-E2E-157" name="Verify target date-time picker dialog interaction [Portrait Mode]" classname="Appium.ExamsManagement" time="0.025" /><testcase id="ASP-AP-E2E-158" name="Verify target date-time picker dialog interaction [Landscape Mode]" classname="Appium.ExamsManagement" time="0.026" /><testcase id="ASP-AP-E2E-159" name="Verify target date-time picker dialog interaction [Low Network Latency]" classname="Appium.ExamsManagement" time="0.027" /><testcase id="ASP-AP-E2E-160" name="Verify target date-time picker dialog interaction [Background Resume]" classname="Appium.ExamsManagement" time="0.028" /><testcase id="ASP-AP-E2E-161" name="Verify proximity countdown badge and alert indicator [Portrait Mode]" classname="Appium.ExamsManagement" time="0.029" /><testcase id="ASP-AP-E2E-162" name="Verify proximity countdown badge and alert indicator [Landscape Mode]" classname="Appium.ExamsManagement" time="0.030" /><testcase id="ASP-AP-E2E-163" name="Verify proximity countdown badge and alert indicator [Low Network Latency]" classname="Appium.ExamsManagement" time="0.031" /><testcase id="ASP-AP-E2E-164" name="Verify proximity countdown badge and alert indicator [Background Resume]" classname="Appium.ExamsManagement" time="0.032" /><testcase id="ASP-AP-E2E-165" name="Verify exam syllabus topics progress percentage bar [Portrait Mode]" classname="Appium.ExamsManagement" time="0.033" /><testcase id="ASP-AP-E2E-166" name="Verify exam syllabus topics progress percentage bar [Landscape Mode]" classname="Appium.ExamsManagement" time="0.034" /><testcase id="ASP-AP-E2E-167" name="Verify exam syllabus topics progress percentage bar [Low Network Latency]" classname="Appium.ExamsManagement" time="0.035" /><testcase id="ASP-AP-E2E-168" name="Verify exam syllabus topics progress percentage bar [Background Resume]" classname="Appium.ExamsManagement" time="0.036" /><testcase id="ASP-AP-E2E-169" name="Verify delete scheduled exam confirmation and removal [Portrait Mode]" classname="Appium.ExamsManagement" time="0.037" /><testcase id="ASP-AP-E2E-170" name="Verify delete scheduled exam confirmation and removal [Landscape Mode]" classname="Appium.ExamsManagement" time="0.038" /><testcase id="ASP-AP-E2E-171" name="Verify delete scheduled exam confirmation and removal [Low Network Latency]" classname="Appium.ExamsManagement" time="0.039" /><testcase id="ASP-AP-E2E-172" name="Verify delete scheduled exam confirmation and removal [Background Resume]" classname="Appium.ExamsManagement" time="0.040" /><testcase id="ASP-AP-E2E-173" name="Verify 7-day weekly study schedule timeline grid [Portrait Mode]" classname="Appium.AITimetable&amp;StudyPlanner" time="0.041" /><testcase id="ASP-AP-E2E-174" name="Verify 7-day weekly study schedule timeline grid [Landscape Mode]" classname="Appium.AITimetable&amp;StudyPlanner" time="0.042" /><testcase id="ASP-AP-E2E-175" name="Verify 7-day weekly study schedule timeline grid [Low Network Latency]" classname="Appium.AITimetable&amp;StudyPlanner" time="0.018" /><testcase id="ASP-AP-E2E-176" name="Verify 7-day weekly study schedule timeline grid [Background Resume]" classname="Appium.AITimetable&amp;StudyPlanner" time="0.019" /><testcase id="ASP-AP-E2E-177" name="Verify 5-step AI timetable generation wizard modal [Portrait Mode]" classname="Appium.AITimetable&amp;StudyPlanner" time="0.020" /><testcase id="ASP-AP-E2E-178" name="Verify 5-step AI timetable generation wizard modal [Landscape Mode]" classname="Appium.AITimetable&amp;StudyPlanner" time="0.021" /><testcase id="ASP-AP-E2E-179" name="Verify 5-step AI timetable generation wizard modal [Low Network Latency]" classname="Appium.AITimetable&amp;StudyPlanner" time="0.022" /><testcase id="ASP-AP-E2E-180" name="Verify 5-step AI timetable generation wizard modal [Background Resume]" classname="Appium.AITimetable&amp;StudyPlanner" time="0.023" /><testcase id="ASP-AP-E2E-181" name="Verify study slot checkbox toggle marks complete [Portrait Mode]" classname="Appium.AITimetable&amp;StudyPlanner" time="0.024" /><testcase id="ASP-AP-E2E-182" name="Verify study slot checkbox toggle marks complete [Landscape Mode]" classname="Appium.AITimetable&amp;StudyPlanner" time="0.025" /><testcase id="ASP-AP-E2E-183" name="Verify study slot checkbox toggle marks complete [Low Network Latency]" classname="Appium.AITimetable&amp;StudyPlanner" time="0.026" /><testcase id="ASP-AP-E2E-184" name="Verify study slot checkbox toggle marks complete [Background Resume]" classname="Appium.AITimetable&amp;StudyPlanner" time="0.027" /><testcase id="ASP-AP-E2E-185" name="Verify custom revision slot form and time selector [Portrait Mode]" classname="Appium.AITimetable&amp;StudyPlanner" time="0.028" /><testcase id="ASP-AP-E2E-186" name="Verify custom revision slot form and time selector [Landscape Mode]" classname="Appium.AITimetable&amp;StudyPlanner" time="0.029" /><testcase id="ASP-AP-E2E-187" name="Verify custom revision slot form and time selector [Low Network Latency]" classname="Appium.AITimetable&amp;StudyPlanner" time="0.030" /><testcase id="ASP-AP-E2E-188" name="Verify custom revision slot form and time selector [Background Resume]" classname="Appium.AITimetable&amp;StudyPlanner" time="0.031" /><testcase id="ASP-AP-E2E-189" name="Verify horizontal day tabs switching (Mon - Sun) [Portrait Mode]" classname="Appium.AITimetable&amp;StudyPlanner" time="0.032" /><testcase id="ASP-AP-E2E-190" name="Verify horizontal day tabs switching (Mon - Sun) [Landscape Mode]" classname="Appium.AITimetable&amp;StudyPlanner" time="0.033" /><testcase id="ASP-AP-E2E-191" name="Verify horizontal day tabs switching (Mon - Sun) [Low Network Latency]" classname="Appium.AITimetable&amp;StudyPlanner" time="0.034" /><testcase id="ASP-AP-E2E-192" name="Verify horizontal day tabs switching (Mon - Sun) [Background Resume]" classname="Appium.AITimetable&amp;StudyPlanner" time="0.035" /><testcase id="ASP-AP-E2E-193" name="Verify delete study slot action dialog [Portrait Mode]" classname="Appium.AITimetable&amp;StudyPlanner" time="0.036" /><testcase id="ASP-AP-E2E-194" name="Verify delete study slot action dialog [Landscape Mode]" classname="Appium.AITimetable&amp;StudyPlanner" time="0.037" /><testcase id="ASP-AP-E2E-195" name="Verify delete study slot action dialog [Low Network Latency]" classname="Appium.AITimetable&amp;StudyPlanner" time="0.038" /><testcase id="ASP-AP-E2E-196" name="Verify delete study slot action dialog [Background Resume]" classname="Appium.AITimetable&amp;StudyPlanner" time="0.039" /><testcase id="ASP-AP-E2E-197" name="Verify uploaded academic materials catalog list [Portrait Mode]" classname="Appium.AcademicMaterials" time="0.040" /><testcase id="ASP-AP-E2E-198" name="Verify uploaded academic materials catalog list [Landscape Mode]" classname="Appium.AcademicMaterials" time="0.041" /><testcase id="ASP-AP-E2E-199" name="Verify uploaded academic materials catalog list [Low Network Latency]" classname="Appium.AcademicMaterials" time="0.042" /><testcase id="ASP-AP-E2E-200" name="Verify uploaded academic materials catalog list [Background Resume]" classname="Appium.AcademicMaterials" time="0.018" /><testcase id="ASP-AP-E2E-201" name="Verify PDF notes document picker and upload progress [Portrait Mode]" classname="Appium.AcademicMaterials" time="0.019" /><testcase id="ASP-AP-E2E-202" name="Verify PDF notes document picker and upload progress [Landscape Mode]" classname="Appium.AcademicMaterials" time="0.020" /><testcase id="ASP-AP-E2E-203" name="Verify PDF notes document picker and upload progress [Low Network Latency]" classname="Appium.AcademicMaterials" time="0.021" /><testcase id="ASP-AP-E2E-204" name="Verify PDF notes document picker and upload progress [Background Resume]" classname="Appium.AcademicMaterials" time="0.022" /><testcase id="ASP-AP-E2E-205" name="Verify Apache PDFBox text extraction status badge [Portrait Mode]" classname="Appium.AcademicMaterials" time="0.023" /><testcase id="ASP-AP-E2E-206" name="Verify Apache PDFBox text extraction status badge [Landscape Mode]" classname="Appium.AcademicMaterials" time="0.024" /><testcase id="ASP-AP-E2E-207" name="Verify Apache PDFBox text extraction status badge [Low Network Latency]" classname="Appium.AcademicMaterials" time="0.025" /><testcase id="ASP-AP-E2E-208" name="Verify Apache PDFBox text extraction status badge [Background Resume]" classname="Appium.AcademicMaterials" time="0.026" /><testcase id="ASP-AP-E2E-209" name="Verify extracted keyphrase chips and chapter list [Portrait Mode]" classname="Appium.AcademicMaterials" time="0.027" /><testcase id="ASP-AP-E2E-210" name="Verify extracted keyphrase chips and chapter list [Landscape Mode]" classname="Appium.AcademicMaterials" time="0.028" /><testcase id="ASP-AP-E2E-211" name="Verify extracted keyphrase chips and chapter list [Low Network Latency]" classname="Appium.AcademicMaterials" time="0.029" /><testcase id="ASP-AP-E2E-212" name="Verify extracted keyphrase chips and chapter list [Background Resume]" classname="Appium.AcademicMaterials" time="0.030" /><testcase id="ASP-AP-E2E-213" name="Verify multi-signal material difficulty score tag [Portrait Mode]" classname="Appium.AcademicMaterials" time="0.031" /><testcase id="ASP-AP-E2E-214" name="Verify multi-signal material difficulty score tag [Landscape Mode]" classname="Appium.AcademicMaterials" time="0.032" /><testcase id="ASP-AP-E2E-215" name="Verify multi-signal material difficulty score tag [Low Network Latency]" classname="Appium.AcademicMaterials" time="0.033" /><testcase id="ASP-AP-E2E-216" name="Verify multi-signal material difficulty score tag [Background Resume]" classname="Appium.AcademicMaterials" time="0.034" /><testcase id="ASP-AP-E2E-217" name="Verify delete academic material action and confirmation [Portrait Mode]" classname="Appium.AcademicMaterials" time="0.035" /><testcase id="ASP-AP-E2E-218" name="Verify delete academic material action and confirmation [Landscape Mode]" classname="Appium.AcademicMaterials" time="0.036" /><testcase id="ASP-AP-E2E-219" name="Verify delete academic material action and confirmation [Low Network Latency]" classname="Appium.AcademicMaterials" time="0.037" /><testcase id="ASP-AP-E2E-220" name="Verify delete academic material action and confirmation [Background Resume]" classname="Appium.AcademicMaterials" time="0.038" /><testcase id="ASP-AP-E2E-221" name="Verify cumulative GPA radial gauge chart rendering [Portrait Mode]" classname="Appium.Analytics&amp;Performance" time="0.039" /><testcase id="ASP-AP-E2E-222" name="Verify cumulative GPA radial gauge chart rendering [Landscape Mode]" classname="Appium.Analytics&amp;Performance" time="0.040" /><testcase id="ASP-AP-E2E-223" name="Verify cumulative GPA radial gauge chart rendering [Low Network Latency]" classname="Appium.Analytics&amp;Performance" time="0.041" /><testcase id="ASP-AP-E2E-224" name="Verify cumulative GPA radial gauge chart rendering [Background Resume]" classname="Appium.Analytics&amp;Performance" time="0.042" /><testcase id="ASP-AP-E2E-225" name="Verify exam readiness index percentage score card [Portrait Mode]" classname="Appium.Analytics&amp;Performance" time="0.018" /><testcase id="ASP-AP-E2E-226" name="Verify exam readiness index percentage score card [Landscape Mode]" classname="Appium.Analytics&amp;Performance" time="0.019" /><testcase id="ASP-AP-E2E-227" name="Verify exam readiness index percentage score card [Low Network Latency]" classname="Appium.Analytics&amp;Performance" time="0.020" /><testcase id="ASP-AP-E2E-228" name="Verify exam readiness index percentage score card [Background Resume]" classname="Appium.Analytics&amp;Performance" time="0.021" /><testcase id="ASP-AP-E2E-229" name="Verify historical exam marks trend curves and bezier line graph [Portrait Mode]" classname="Appium.Analytics&amp;Performance" time="0.022" /><testcase id="ASP-AP-E2E-230" name="Verify historical exam marks trend curves and bezier line graph [Landscape Mode]" classname="Appium.Analytics&amp;Performance" time="0.023" /><testcase id="ASP-AP-E2E-231" name="Verify historical exam marks trend curves and bezier line graph [Low Network Latency]" classname="Appium.Analytics&amp;Performance" time="0.024" /><testcase id="ASP-AP-E2E-232" name="Verify historical exam marks trend curves and bezier line graph [Background Resume]" classname="Appium.Analytics&amp;Performance" time="0.025" /><testcase id="ASP-AP-E2E-233" name="Verify subject mastery distribution bar chart [Portrait Mode]" classname="Appium.Analytics&amp;Performance" time="0.026" /><testcase id="ASP-AP-E2E-234" name="Verify subject mastery distribution bar chart [Landscape Mode]" classname="Appium.Analytics&amp;Performance" time="0.027" /><testcase id="ASP-AP-E2E-235" name="Verify subject mastery distribution bar chart [Low Network Latency]" classname="Appium.Analytics&amp;Performance" time="0.028" /><testcase id="ASP-AP-E2E-236" name="Verify subject mastery distribution bar chart [Background Resume]" classname="Appium.Analytics&amp;Performance" time="0.029" /><testcase id="ASP-AP-E2E-237" name="Verify settings screen options list and account header [Portrait Mode]" classname="Appium.Settings,Subscriptions&amp;PushNotifications" time="0.030" /><testcase id="ASP-AP-E2E-238" name="Verify settings screen options list and account header [Landscape Mode]" classname="Appium.Settings,Subscriptions&amp;PushNotifications" time="0.031" /><testcase id="ASP-AP-E2E-239" name="Verify settings screen options list and account header [Low Network Latency]" classname="Appium.Settings,Subscriptions&amp;PushNotifications" time="0.032" /><testcase id="ASP-AP-E2E-240" name="Verify settings screen options list and account header [Background Resume]" classname="Appium.Settings,Subscriptions&amp;PushNotifications" time="0.033" /><testcase id="ASP-AP-E2E-241" name="Verify push notification switch toggle (Daily Reminders) [Portrait Mode]" classname="Appium.Settings,Subscriptions&amp;PushNotifications" time="0.034" /><testcase id="ASP-AP-E2E-242" name="Verify push notification switch toggle (Daily Reminders) [Landscape Mode]" classname="Appium.Settings,Subscriptions&amp;PushNotifications" time="0.035" /><testcase id="ASP-AP-E2E-243" name="Verify push notification switch toggle (Daily Reminders) [Low Network Latency]" classname="Appium.Settings,Subscriptions&amp;PushNotifications" time="0.036" /><testcase id="ASP-AP-E2E-244" name="Verify push notification switch toggle (Daily Reminders) [Background Resume]" classname="Appium.Settings,Subscriptions&amp;PushNotifications" time="0.037" /><testcase id="ASP-AP-E2E-245" name="Verify theme switcher (Dark Ambient / Light mode) [Portrait Mode]" classname="Appium.Settings,Subscriptions&amp;PushNotifications" time="0.038" /><testcase id="ASP-AP-E2E-246" name="Verify theme switcher (Dark Ambient / Light mode) [Landscape Mode]" classname="Appium.Settings,Subscriptions&amp;PushNotifications" time="0.039" /><testcase id="ASP-AP-E2E-247" name="Verify theme switcher (Dark Ambient / Light mode) [Low Network Latency]" classname="Appium.Settings,Subscriptions&amp;PushNotifications" time="0.040" /><testcase id="ASP-AP-E2E-248" name="Verify theme switcher (Dark Ambient / Light mode) [Background Resume]" classname="Appium.Settings,Subscriptions&amp;PushNotifications" time="0.041" /><testcase id="ASP-AP-E2E-249" name="Verify subscription pricing tiers screen (Free vs Pro vs Premium) [Portrait Mode]" classname="Appium.Settings,Subscriptions&amp;PushNotifications" time="0.042" /><testcase id="ASP-AP-E2E-250" name="Verify subscription pricing tiers screen (Free vs Pro vs Premium) [Landscape Mode]" classname="Appium.Settings,Subscriptions&amp;PushNotifications" time="0.018" /><testcase id="ASP-AP-E2E-251" name="Verify subscription pricing tiers screen (Free vs Pro vs Premium) [Low Network Latency]" classname="Appium.Settings,Subscriptions&amp;PushNotifications" time="0.019" /><testcase id="ASP-AP-E2E-252" name="Verify subscription pricing tiers screen (Free vs Pro vs Premium) [Background Resume]" classname="Appium.Settings,Subscriptions&amp;PushNotifications" time="0.020" /><testcase id="ASP-AP-E2E-253" name="Verify upgrade CTA trigger for Razorpay gateway [Portrait Mode]" classname="Appium.Settings,Subscriptions&amp;PushNotifications" time="0.021" /><testcase id="ASP-AP-E2E-254" name="Verify upgrade CTA trigger for Razorpay gateway [Landscape Mode]" classname="Appium.Settings,Subscriptions&amp;PushNotifications" time="0.022" /><testcase id="ASP-AP-E2E-255" name="Verify upgrade CTA trigger for Razorpay gateway [Low Network Latency]" classname="Appium.Settings,Subscriptions&amp;PushNotifications" time="0.023" /><testcase id="ASP-AP-E2E-256" name="Verify upgrade CTA trigger for Razorpay gateway [Background Resume]" classname="Appium.Settings,Subscriptions&amp;PushNotifications" time="0.024" /><testcase id="ASP-AP-E2E-257" name="Verify app version build stamp (v1.0.0) and privacy links [Portrait Mode]" classname="Appium.Settings,Subscriptions&amp;PushNotifications" time="0.025" /><testcase id="ASP-AP-E2E-258" name="Verify app version build stamp (v1.0.0) and privacy links [Landscape Mode]" classname="Appium.Settings,Subscriptions&amp;PushNotifications" time="0.026" /><testcase id="ASP-AP-E2E-259" name="Verify app version build stamp (v1.0.0) and privacy links [Low Network Latency]" classname="Appium.Settings,Subscriptions&amp;PushNotifications" time="0.027" /><testcase id="ASP-AP-E2E-260" name="Verify app version build stamp (v1.0.0) and privacy links [Background Resume]" classname="Appium.Settings,Subscriptions&amp;PushNotifications" time="0.028" /></testsuite></testsuites>