{"numFailedTestSuites":0,"numFailedTests":0,"numPassedTestSuites":21,"numPassedTests":134,"numPendingTestSuites":0,"numPendingTests":0,"numRuntimeErrorTestSuites":0,"numTodoTests":0,"numTotalTestSuites":21,"numTotalTests":134,"openHandles":[],"snapshot":{"added":0,"didUpdate":false,"failure":false,"filesAdded":0,"filesRemoved":0,"filesRemovedList":[],"filesUnmatched":0,"filesUpdated":0,"matched":0,"total":0,"unchecked":0,"uncheckedKeysByFile":[],"unmatched":0,"updated":0},"startTime":1787927760253,"success":true,"testResults":[{"assertionResults":[{"ancestorTitles":["Materials Component Tests","Test 1: Material List Render & Category Filtering"],"duration":30,"failing":false,"failureDetails":[],"failureMessages":[],"fullName":"Materials Component Tests Test 1: Material List Render & Category Filtering should render material list and filter by category","invocations":1,"location":null,"numPassingAsserts":3,"retryReasons":[],"startAt":1787927774335,"status":"passed","title":"should render material list and filter by category"},{"ancestorTitles":["Materials Component Tests","Test 1: Material List Render & Category Filtering"],"duration":5,"failing":false,"failureDetails":[],"failureMessages":[],"fullName":"Materials Component Tests Test 1: Material List Render & Category Filtering should filter materials when category is selected","invocations":1,"location":null,"numPassingAsserts":3,"retryReasons":[],"startAt":1787927774365,"status":"passed","title":"should filter materials when category is selected"},{"ancestorTitles":["Materials Component Tests","Test 2: Material Upload Functionality"],"duration":64,"failing":false,"failureDetails":[],"failureMessages":[],"fullName":"Materials Component Tests Test 2: Material Upload Functionality should handle file upload via file input","invocations":1,"location":null,"numPassingAsserts":2,"retryReasons":[],"startAt":1787927774370,"status":"passed","title":"should handle file upload via file input"},{"ancestorTitles":["Materials Component Tests","Test 2: Material Upload Functionality"],"duration":14,"failing":false,"failureDetails":[],"failureMessages":[],"fullName":"Materials Component Tests Test 2: Material Upload Functionality should validate file type before upload","invocations":1,"location":null,"numPassingAsserts":2,"retryReasons":[],"startAt":1787927774434,"status":"passed","title":"should validate file type before upload"},{"ancestorTitles":["Materials Component Tests","Test 3: Delete Material with Confirmation"],"duration":68,"failing":false,"failureDetails":[],"failureMessages":[],"fullName":"Materials Component Tests Test 3: Delete Material with Confirmation should show delete confirmation and remove material on confirm","invocations":1,"location":null,"numPassingAsserts":3,"retryReasons":[],"startAt":1787927774448,"status":"passed","title":"should show delete confirmation and remove material on confirm"},{"ancestorTitles":["Materials Component Tests","Test 3: Delete Material with Confirmation"],"duration":32,"failing":false,"failureDetails":[],"failureMessages":[],"fullName":"Materials Component Tests Test 3: Delete Material with Confirmation should cancel deletion when user clicks cancel","invocations":1,"location":null,"numPassingAsserts":3,"retryReasons":[],"startAt":1787927774516,"status":"passed","title":"should cancel deletion when user clicks cancel"},{"ancestorTitles":["Materials Component Tests","Test 4: Material Metadata Display"],"duration":4,"failing":false,"failureDetails":[],"failureMessages":[],"fullName":"Materials Component Tests Test 4: Material Metadata Display should display material metadata correctly","invocations":1,"location":null,"numPassingAsserts":4,"retryReasons":[],"startAt":1787927774548,"status":"passed","title":"should display material metadata correctly"},{"ancestorTitles":["Materials Component Tests","Test 4: Material Metadata Display"],"duration":8,"failing":false,"failureDetails":[],"failureMessages":[],"fullName":"Materials Component Tests Test 4: Material Metadata Display should format file size appropriately","invocations":1,"location":null,"numPassingAsserts":3,"retryReasons":[],"startAt":1787927774552,"status":"passed","title":"should format file size appropriately"}],"endTime":1787927774561,"message":"","name":"C:\\Users\\aswin\\Downloads\\AI-Study-Planner\\frontend\\src\\__tests__\\components\\materials.test.tsx","startTime":1787927770224,"status":"passed","summary":""},{"assertionResults":[{"ancestorTitles":["AI provider secrets stay backend-only"],"duration":14,"failing":false,"failureDetails":[],"failureMessages":[],"fullName":"AI provider secrets stay backend-only scans a non-trivial number of client files","invocations":1,"location":null,"numPassingAsserts":3,"retryReasons":[],"startAt":1787927774094,"status":"passed","title":"scans a non-trivial number of client files"},{"ancestorTitles":["AI provider secrets stay backend-only"],"duration":198,"failing":false,"failureDetails":[],"failureMessages":[],"fullName":"AI provider secrets stay backend-only never exposes an AI key through a build-time public variable","invocations":1,"location":null,"numPassingAsserts":1,"retryReasons":[],"startAt":1787927774108,"status":"passed","title":"never exposes an AI key through a build-time public variable"},{"ancestorTitles":["AI provider secrets stay backend-only"],"duration":102,"failing":false,"failureDetails":[],"failureMessages":[],"fullName":"AI provider secrets stay backend-only never names a provider API key variable in client code at all","invocations":1,"location":null,"numPassingAsserts":1,"retryReasons":[],"startAt":1787927774307,"status":"passed","title":"never names a provider API key variable in client code at all"},{"ancestorTitles":["AI provider secrets stay backend-only"],"duration":237,"failing":false,"failureDetails":[],"failureMessages":[],"fullName":"AI provider secrets stay backend-only contains no literal provider key material","invocations":1,"location":null,"numPassingAsserts":2,"retryReasons":[],"startAt":1787927774409,"status":"passed","title":"contains no literal provider key material"},{"ancestorTitles":["AI provider secrets stay backend-only"],"duration":115,"failing":false,"failureDetails":[],"failureMessages":[],"fullName":"AI provider secrets stay backend-only does not stash a provider key in localStorage, sessionStorage or a cookie","invocations":1,"location":null,"numPassingAsserts":1,"retryReasons":[],"startAt":1787927774646,"status":"passed","title":"does not stash a provider key in localStorage, sessionStorage or a cookie"},{"ancestorTitles":["AI provider secrets stay backend-only"],"duration":99,"failing":false,"failureDetails":[],"failureMessages":[],"fullName":"AI provider secrets stay backend-only talks to AI only through our own backend endpoints","invocations":1,"location":null,"numPassingAsserts":1,"retryReasons":[],"startAt":1787927774761,"status":"passed","title":"talks to AI only through our own backend endpoints"},{"ancestorTitles":["AI provider secrets stay backend-only"],"duration":1,"failing":false,"failureDetails":[],"failureMessages":[],"fullName":"AI provider secrets stay backend-only positive control: the backend is the side that reads both keys","invocations":1,"location":null,"numPassingAsserts":2,"retryReasons":[],"startAt":1787927774860,"status":"passed","title":"positive control: the backend is the side that reads both keys"}],"endTime":1787927774862,"message":"","name":"C:\\Users\\aswin\\Downloads\\AI-Study-Planner\\frontend\\src\\__tests__\\security\\aiProviderSecrets.test.ts","startTime":1787927770226,"status":"passed","summary":""},{"assertionResults":[{"ancestorTitles":["FloatingDock Component"],"duration":85,"failing":false,"failureDetails":[],"failureMessages":[],"fullName":"FloatingDock Component renders all dock items and icons","invocations":1,"location":null,"numPassingAsserts":1,"retryReasons":[],"startAt":1787927774888,"status":"passed","title":"renders all dock items and icons"},{"ancestorTitles":["FloatingDock Component"],"duration":28,"failing":false,"failureDetails":[],"failureMessages":[],"fullName":"FloatingDock Component toggles mobile menu on button click","invocations":1,"location":null,"numPassingAsserts":2,"retryReasons":[],"startAt":1787927774974,"status":"passed","title":"toggles mobile menu on button click"},{"ancestorTitles":["FloatingDock Component"],"duration":14,"failing":false,"failureDetails":[],"failureMessages":[],"fullName":"FloatingDock Component renders FloatingDockDemo without crashing","invocations":1,"location":null,"numPassingAsserts":1,"retryReasons":[],"startAt":1787927775002,"status":"passed","title":"renders FloatingDockDemo without crashing"}],"endTime":1787927775017,"message":"","name":"C:\\Users\\aswin\\Downloads\\AI-Study-Planner\\frontend\\src\\__tests__\\components\\floating-dock.test.tsx","startTime":1787927770224,"status":"passed","summary":""},{"assertionResults":[{"ancestorTitles":["MessageBubble with KaTeX Math & Code Blocks"],"duration":7,"failing":false,"failureDetails":[],"failureMessages":[],"fullName":"MessageBubble with KaTeX Math & Code Blocks renders user message cleanly","invocations":1,"location":null,"numPassingAsserts":1,"retryReasons":[],"startAt":1787927775032,"status":"passed","title":"renders user message cleanly"},{"ancestorTitles":["MessageBubble with KaTeX Math & Code Blocks"],"duration":16,"failing":false,"failureDetails":[],"failureMessages":[],"fullName":"MessageBubble with KaTeX Math & Code Blocks renders assistant message with math equation and code block content","invocations":1,"location":null,"numPassingAsserts":2,"retryReasons":[],"startAt":1787927775039,"status":"passed","title":"renders assistant message with math equation and code block content"}],"endTime":1787927775056,"message":"","name":"C:\\Users\\aswin\\Downloads\\AI-Study-Planner\\frontend\\src\\__tests__\\components\\messageBubbleKatex.test.tsx","startTime":1787927774576,"status":"passed","summary":""},{"assertionResults":[{"ancestorTitles":["SlotDetailModal Component"],"duration":127,"failing":false,"failureDetails":[],"failureMessages":[],"fullName":"SlotDetailModal Component renders slot details correctly with topic, source material, chapter, and what to study","invocations":1,"location":null,"numPassingAsserts":12,"retryReasons":[],"startAt":1787927775126,"status":"passed","title":"renders slot details correctly with topic, source material, chapter, and what to study"},{"ancestorTitles":["SlotDetailModal Component"],"duration":35,"failing":false,"failureDetails":[],"failureMessages":[],"fullName":"SlotDetailModal Component handles completion toggle when clicking Mark Complete button","invocations":1,"location":null,"numPassingAsserts":2,"retryReasons":[],"startAt":1787927775253,"status":"passed","title":"handles completion toggle when clicking Mark Complete button"},{"ancestorTitles":["SlotDetailModal Component"],"duration":28,"failing":false,"failureDetails":[],"failureMessages":[],"fullName":"SlotDetailModal Component renders catch-up required status for catch-up slot","invocations":1,"location":null,"numPassingAsserts":2,"retryReasons":[],"startAt":1787927775288,"status":"passed","title":"renders catch-up required status for catch-up slot"},{"ancestorTitles":["SlotDetailModal Component"],"duration":4,"failing":false,"failureDetails":[],"failureMessages":[],"fullName":"SlotDetailModal Component does not render when isOpen is false","invocations":1,"location":null,"numPassingAsserts":1,"retryReasons":[],"startAt":1787927775316,"status":"passed","title":"does not render when isOpen is false"}],"endTime":1787927775320,"message":"","name":"C:\\Users\\aswin\\Downloads\\AI-Study-Planner\\frontend\\src\\__tests__\\components\\slotDetailModal.test.tsx","startTime":1787927774884,"status":"passed","summary":""},{"assertionResults":[{"ancestorTitles":["PlaceholdersAndVanishInput Component"],"duration":40,"failing":false,"failureDetails":[],"failureMessages":[],"fullName":"PlaceholdersAndVanishInput Component renders input, submit button, and rotating placeholder","invocations":1,"location":null,"numPassingAsserts":3,"retryReasons":[],"startAt":1787927775216,"status":"passed","title":"renders input, submit button, and rotating placeholder"},{"ancestorTitles":["PlaceholdersAndVanishInput Component"],"duration":58,"failing":false,"failureDetails":[],"failureMessages":[],"fullName":"PlaceholdersAndVanishInput Component calls onChange and onSubmit callbacks","invocations":1,"location":null,"numPassingAsserts":2,"retryReasons":[],"startAt":1787927775256,"status":"passed","title":"calls onChange and onSubmit callbacks"},{"ancestorTitles":["PlaceholdersAndVanishInput Component"],"duration":14,"failing":false,"failureDetails":[],"failureMessages":[],"fullName":"PlaceholdersAndVanishInput Component renders PlaceholdersAndVanishInputDemo without crashing","invocations":1,"location":null,"numPassingAsserts":2,"retryReasons":[],"startAt":1787927775315,"status":"passed","title":"renders PlaceholdersAndVanishInputDemo without crashing"}],"endTime":1787927775330,"message":"","name":"C:\\Users\\aswin\\Downloads\\AI-Study-Planner\\frontend\\src\\__tests__\\components\\placeholders-and-vanish-input.test.tsx","startTime":1787927775063,"status":"passed","summary":""},{"assertionResults":[{"ancestorTitles":["ChatInput Component"],"duration":46,"failing":false,"failureDetails":[],"failureMessages":[],"fullName":"ChatInput Component renders textarea with animated placeholder and send button","invocations":1,"location":null,"numPassingAsserts":3,"retryReasons":[],"startAt":1787927775264,"status":"passed","title":"renders textarea with animated placeholder and send button"},{"ancestorTitles":["ChatInput Component"],"duration":8,"failing":false,"failureDetails":[],"failureMessages":[],"fullName":"ChatInput Component triggers onSend when clicking send with text","invocations":1,"location":null,"numPassingAsserts":2,"retryReasons":[],"startAt":1787927775310,"status":"passed","title":"triggers onSend when clicking send with text"},{"ancestorTitles":["ChatInput Component"],"duration":20,"failing":false,"failureDetails":[],"failureMessages":[],"fullName":"ChatInput Component renders attached material card and quick actions","invocations":1,"location":null,"numPassingAsserts":4,"retryReasons":[],"startAt":1787927775318,"status":"passed","title":"renders attached material card and quick actions"}],"endTime":1787927775338,"message":"","name":"C:\\Users\\aswin\\Downloads\\AI-Study-Planner\\frontend\\src\\__tests__\\components\\chat-input.test.tsx","startTime":1787927775070,"status":"passed","summary":""},{"assertionResults":[{"ancestorTitles":["timetableApi nested-subject normalization"],"duration":2,"failing":false,"failureDetails":[],"failureMessages":[],"fullName":"timetableApi nested-subject normalization exposes the real subject as `name` on getActive","invocations":1,"location":null,"numPassingAsserts":2,"retryReasons":[],"startAt":1787927775507,"status":"passed","title":"exposes the real subject as `name` on getActive"},{"ancestorTitles":["timetableApi nested-subject normalization"],"duration":0,"failing":false,"failureDetails":[],"failureMessages":[],"fullName":"timetableApi nested-subject normalization maps the exam date so the slot keeps its urgency signals","invocations":1,"location":null,"numPassingAsserts":2,"retryReasons":[],"startAt":1787927775509,"status":"passed","title":"maps the exam date so the slot keeps its urgency signals"},{"ancestorTitles":["timetableApi nested-subject normalization"],"duration":1,"failing":false,"failureDetails":[],"failureMessages":[],"fullName":"timetableApi nested-subject normalization normalizes the timetable returned by adapt()","invocations":1,"location":null,"numPassingAsserts":3,"retryReasons":[],"startAt":1787927775509,"status":"passed","title":"normalizes the timetable returned by adapt()"},{"ancestorTitles":["timetableApi nested-subject normalization"],"duration":1,"failing":false,"failureDetails":[],"failureMessages":[],"fullName":"timetableApi nested-subject normalization leaves a slot without a subject alone instead of throwing","invocations":1,"location":null,"numPassingAsserts":1,"retryReasons":[],"startAt":1787927775510,"status":"passed","title":"leaves a slot without a subject alone instead of throwing"},{"ancestorTitles":["timetableApi nested-subject normalization"],"duration":0,"failing":false,"failureDetails":[],"failureMessages":[],"fullName":"timetableApi nested-subject normalization returns null (empty state) when there is no active timetable — a 404","invocations":1,"location":null,"numPassingAsserts":1,"retryReasons":[],"startAt":1787927775511,"status":"passed","title":"returns null (empty state) when there is no active timetable — a 404"}],"endTime":1787927775512,"message":"","name":"C:\\Users\\aswin\\Downloads\\AI-Study-Planner\\frontend\\src\\__tests__\\api\\timetable.api.test.ts","startTime":1787927775349,"status":"passed","summary":""},{"assertionResults":[{"ancestorTitles":["AI Tutor Message Rendering & Visual Polish"],"duration":27,"failing":false,"failureDetails":[],"failureMessages":[],"fullName":"AI Tutor Message Rendering & Visual Polish renders user message cleanly without bot action bar","invocations":1,"location":null,"numPassingAsserts":2,"retryReasons":[],"startAt":1787927775497,"status":"passed","title":"renders user message cleanly without bot action bar"},{"ancestorTitles":["AI Tutor Message Rendering & Visual Polish"],"duration":10,"failing":false,"failureDetails":[],"failureMessages":[],"fullName":"AI Tutor Message Rendering & Visual Polish renders assistant message with full response copy button and markdown content","invocations":1,"location":null,"numPassingAsserts":4,"retryReasons":[],"startAt":1787927775524,"status":"passed","title":"renders assistant message with full response copy button and markdown content"},{"ancestorTitles":["AI Tutor Message Rendering & Visual Polish"],"duration":5,"failing":false,"failureDetails":[],"failureMessages":[],"fullName":"AI Tutor Message Rendering & Visual Polish detects material grounding and displays grounding badge","invocations":1,"location":null,"numPassingAsserts":2,"retryReasons":[],"startAt":1787927775534,"status":"passed","title":"detects material grounding and displays grounding badge"}],"endTime":1787927775540,"message":"","name":"C:\\Users\\aswin\\Downloads\\AI-Study-Planner\\frontend\\src\\__tests__\\components\\chatMessageRendering.test.tsx","startTime":1787927775342,"status":"passed","summary":""},{"assertionResults":[{"ancestorTitles":["ImagesBadge Component"],"duration":58,"failing":false,"failureDetails":[],"failureMessages":[],"fullName":"ImagesBadge Component renders badge text and images correctly","invocations":1,"location":null,"numPassingAsserts":3,"retryReasons":[],"startAt":1787927775480,"status":"passed","title":"renders badge text and images correctly"},{"ancestorTitles":["ImagesBadge Component"],"duration":12,"failing":false,"failureDetails":[],"failureMessages":[],"fullName":"ImagesBadge Component renders as a link when href is provided","invocations":1,"location":null,"numPassingAsserts":4,"retryReasons":[],"startAt":1787927775538,"status":"passed","title":"renders as a link when href is provided"},{"ancestorTitles":["ImagesBadge Component"],"duration":5,"failing":false,"failureDetails":[],"failureMessages":[],"fullName":"ImagesBadge Component renders as div when href is omitted","invocations":1,"location":null,"numPassingAsserts":2,"retryReasons":[],"startAt":1787927775550,"status":"passed","title":"renders as div when href is omitted"},{"ancestorTitles":["ImagesBadge Component"],"duration":7,"failing":false,"failureDetails":[],"failureMessages":[],"fullName":"ImagesBadge Component limits to at most 3 images","invocations":1,"location":null,"numPassingAsserts":1,"retryReasons":[],"startAt":1787927775555,"status":"passed","title":"limits to at most 3 images"},{"ancestorTitles":["ImagesBadge Component"],"duration":12,"failing":false,"failureDetails":[],"failureMessages":[],"fullName":"ImagesBadge Component handles mouse enter and mouse leave hover events cleanly","invocations":1,"location":null,"numPassingAsserts":1,"retryReasons":[],"startAt":1787927775562,"status":"passed","title":"handles mouse enter and mouse leave hover events cleanly"},{"ancestorTitles":["ImagesBadge Component"],"duration":4,"failing":false,"failureDetails":[],"failureMessages":[],"fullName":"ImagesBadge Component renders ImagesBadgeDemo without crashing","invocations":1,"location":null,"numPassingAsserts":1,"retryReasons":[],"startAt":1787927775574,"status":"passed","title":"renders ImagesBadgeDemo without crashing"}],"endTime":1787927775579,"message":"","name":"C:\\Users\\aswin\\Downloads\\AI-Study-Planner\\frontend\\src\\__tests__\\components\\images-badge.test.tsx","startTime":1787927775337,"status":"passed","summary":""},{"assertionResults":[{"ancestorTitles":["formatTime"],"duration":1,"failing":false,"failureDetails":[],"failureMessages":[],"fullName":"formatTime formats 17:00 as 5:00 PM","invocations":1,"location":null,"numPassingAsserts":1,"retryReasons":[],"startAt":1787927775654,"status":"passed","title":"formats 17:00 as 5:00 PM"},{"ancestorTitles":["formatTime"],"duration":1,"failing":false,"failureDetails":[],"failureMessages":[],"fullName":"formatTime formats 06:00 as 6:00 AM","invocations":1,"location":null,"numPassingAsserts":1,"retryReasons":[],"startAt":1787927775655,"status":"passed","title":"formats 06:00 as 6:00 AM"},{"ancestorTitles":["formatTime"],"duration":0,"failing":false,"failureDetails":[],"failureMessages":[],"fullName":"formatTime formats 12:00 as 12:00 PM","invocations":1,"location":null,"numPassingAsserts":1,"retryReasons":[],"startAt":1787927775656,"status":"passed","title":"formats 12:00 as 12:00 PM"},{"ancestorTitles":["formatTime"],"duration":0,"failing":false,"failureDetails":[],"failureMessages":[],"fullName":"formatTime formats 21:00 as 9:00 PM","invocations":1,"location":null,"numPassingAsserts":1,"retryReasons":[],"startAt":1787927775656,"status":"passed","title":"formats 21:00 as 9:00 PM"},{"ancestorTitles":["WINDOW_START_TIMES"],"duration":1,"failing":false,"failureDetails":[],"failureMessages":[],"fullName":"WINDOW_START_TIMES MORNING starts at 06:00","invocations":1,"location":null,"numPassingAsserts":1,"retryReasons":[],"startAt":1787927775656,"status":"passed","title":"MORNING starts at 06:00"},{"ancestorTitles":["WINDOW_START_TIMES"],"duration":0,"failing":false,"failureDetails":[],"failureMessages":[],"fullName":"WINDOW_START_TIMES AFTERNOON starts at 12:00","invocations":1,"location":null,"numPassingAsserts":1,"retryReasons":[],"startAt":1787927775657,"status":"passed","title":"AFTERNOON starts at 12:00"},{"ancestorTitles":["WINDOW_START_TIMES"],"duration":0,"failing":false,"failureDetails":[],"failureMessages":[],"fullName":"WINDOW_START_TIMES EVENING starts at 17:00","invocations":1,"location":null,"numPassingAsserts":1,"retryReasons":[],"startAt":1787927775657,"status":"passed","title":"EVENING starts at 17:00"},{"ancestorTitles":["WINDOW_START_TIMES"],"duration":1,"failing":false,"failureDetails":[],"failureMessages":[],"fullName":"WINDOW_START_TIMES LATE_NIGHT starts at 21:00","invocations":1,"location":null,"numPassingAsserts":1,"retryReasons":[],"startAt":1787927775657,"status":"passed","title":"LATE_NIGHT starts at 21:00"},{"ancestorTitles":["label ↔ enum round-trip"],"duration":0,"failing":false,"failureDetails":[],"failureMessages":[],"fullName":"label ↔ enum round-trip EVENING → \"5:00 PM\" → EVENING","invocations":1,"location":null,"numPassingAsserts":2,"retryReasons":[],"startAt":1787927775658,"status":"passed","title":"EVENING → \"5:00 PM\" → EVENING"},{"ancestorTitles":["label ↔ enum round-trip"],"duration":1,"failing":false,"failureDetails":[],"failureMessages":[],"fullName":"label ↔ enum round-trip MORNING → \"6:00 AM\" → MORNING","invocations":1,"location":null,"numPassingAsserts":2,"retryReasons":[],"startAt":1787927775658,"status":"passed","title":"MORNING → \"6:00 AM\" → MORNING"},{"ancestorTitles":["calcStudyPeriod — Requirements A-D (5 PM start)"],"duration":1,"failing":false,"failureDetails":[],"failureMessages":[],"fullName":"calcStudyPeriod — Requirements A-D (5 PM start) A: 1 hour + EVENING → 5:00 PM – 6:00 PM","invocations":1,"location":null,"numPassingAsserts":4,"retryReasons":[],"startAt":1787927775659,"status":"passed","title":"A: 1 hour + EVENING → 5:00 PM – 6:00 PM"},{"ancestorTitles":["calcStudyPeriod — Requirements A-D (5 PM start)"],"duration":1,"failing":false,"failureDetails":[],"failureMessages":[],"fullName":"calcStudyPeriod — Requirements A-D (5 PM start) B: 2 hours + EVENING → 5:00 PM – 7:00 PM","invocations":1,"location":null,"numPassingAsserts":4,"retryReasons":[],"startAt":1787927775660,"status":"passed","title":"B: 2 hours + EVENING → 5:00 PM – 7:00 PM"},{"ancestorTitles":["calcStudyPeriod — Requirements A-D (5 PM start)"],"duration":1,"failing":false,"failureDetails":[],"failureMessages":[],"fullName":"calcStudyPeriod — Requirements A-D (5 PM start) C: 3 hours + EVENING → 5:00 PM – 8:00 PM","invocations":1,"location":null,"numPassingAsserts":4,"retryReasons":[],"startAt":1787927775661,"status":"passed","title":"C: 3 hours + EVENING → 5:00 PM – 8:00 PM"},{"ancestorTitles":["calcStudyPeriod — Requirements A-D (5 PM start)"],"duration":0,"failing":false,"failureDetails":[],"failureMessages":[],"fullName":"calcStudyPeriod — Requirements A-D (5 PM start) D: 4 hours + EVENING → 5:00 PM – 9:00 PM","invocations":1,"location":null,"numPassingAsserts":4,"retryReasons":[],"startAt":1787927775662,"status":"passed","title":"D: 4 hours + EVENING → 5:00 PM – 9:00 PM"},{"ancestorTitles":["calcStudyPeriod — other windows"],"duration":1,"failing":false,"failureDetails":[],"failureMessages":[],"fullName":"calcStudyPeriod — other windows 1 hour + MORNING → 6:00 AM – 7:00 AM","invocations":1,"location":null,"numPassingAsserts":3,"retryReasons":[],"startAt":1787927775662,"status":"passed","title":"1 hour + MORNING → 6:00 AM – 7:00 AM"},{"ancestorTitles":["calcStudyPeriod — other windows"],"duration":1,"failing":false,"failureDetails":[],"failureMessages":[],"fullName":"calcStudyPeriod — other windows 2 hours + AFTERNOON → 12:00 PM – 2:00 PM","invocations":1,"location":null,"numPassingAsserts":3,"retryReasons":[],"startAt":1787927775663,"status":"passed","title":"2 hours + AFTERNOON → 12:00 PM – 2:00 PM"},{"ancestorTitles":["calcStudyPeriod — other windows"],"duration":1,"failing":false,"failureDetails":[],"failureMessages":[],"fullName":"calcStudyPeriod — other windows 1 hour + LATE_NIGHT → 9:00 PM – 10:00 PM","invocations":1,"location":null,"numPassingAsserts":3,"retryReasons":[],"startAt":1787927775664,"status":"passed","title":"1 hour + LATE_NIGHT → 9:00 PM – 10:00 PM"},{"ancestorTitles":["calcStudyPeriod — midnight crossing (edge cases)"],"duration":0,"failing":false,"failureDetails":[],"failureMessages":[],"fullName":"calcStudyPeriod — midnight crossing (edge cases) 3 hours + LATE_NIGHT (21:00) → crosses midnight, flag set","invocations":1,"location":null,"numPassingAsserts":2,"retryReasons":[],"startAt":1787927775665,"status":"passed","title":"3 hours + LATE_NIGHT (21:00) → crosses midnight, flag set"},{"ancestorTitles":["calcStudyPeriod — midnight crossing (edge cases)"],"duration":1,"failing":false,"failureDetails":[],"failureMessages":[],"fullName":"calcStudyPeriod — midnight crossing (edge cases) 2 hours + LATE_NIGHT (21:00) → 9:00 PM – 11:00 PM, does NOT cross midnight","invocations":1,"location":null,"numPassingAsserts":2,"retryReasons":[],"startAt":1787927775665,"status":"passed","title":"2 hours + LATE_NIGHT (21:00) → 9:00 PM – 11:00 PM, does NOT cross midnight"},{"ancestorTitles":["calcStudyPeriod — unknown / null enum falls back to EVENING"],"duration":0,"failing":false,"failureDetails":[],"failureMessages":[],"fullName":"calcStudyPeriod — unknown / null enum falls back to EVENING unknown enum → EVENING start (5:00 PM)","invocations":1,"location":null,"numPassingAsserts":1,"retryReasons":[],"startAt":1787927775666,"status":"passed","title":"unknown enum → EVENING start (5:00 PM)"},{"ancestorTitles":["calcStudyPeriod — unknown / null enum falls back to EVENING"],"duration":1,"failing":false,"failureDetails":[],"failureMessages":[],"fullName":"calcStudyPeriod — unknown / null enum falls back to EVENING empty string → EVENING start (5:00 PM)","invocations":1,"location":null,"numPassingAsserts":1,"retryReasons":[],"startAt":1787927775666,"status":"passed","title":"empty string → EVENING start (5:00 PM)"}],"endTime":1787927775667,"message":"","name":"C:\\Users\\aswin\\Downloads\\AI-Study-Planner\\frontend\\src\\__tests__\\utils\\studyPeriodUtils.test.ts","startTime":1787927775557,"status":"passed","summary":""},{"assertionResults":[{"ancestorTitles":["Timetable Component Tests","Test 1: Weekly Timetable Display"],"duration":6,"failing":false,"failureDetails":[],"failureMessages":[],"fullName":"Timetable Component Tests Test 1: Weekly Timetable Display should render all days of the week with scheduled subjects","invocations":1,"location":null,"numPassingAsserts":3,"retryReasons":[],"startAt":1787927775636,"status":"passed","title":"should render all days of the week with scheduled subjects"},{"ancestorTitles":["Timetable Component Tests","Test 1: Weekly Timetable Display"],"duration":2,"failing":false,"failureDetails":[],"failureMessages":[],"fullName":"Timetable Component Tests Test 1: Weekly Timetable Display should display topics for each scheduled subject","invocations":1,"location":null,"numPassingAsserts":2,"retryReasons":[],"startAt":1787927775642,"status":"passed","title":"should display topics for each scheduled subject"},{"ancestorTitles":["Timetable Component Tests","Test 1: Weekly Timetable Display"],"duration":1,"failing":false,"failureDetails":[],"failureMessages":[],"fullName":"Timetable Component Tests Test 1: Weekly Timetable Display should show empty state when no classes are scheduled for a day","invocations":1,"location":null,"numPassingAsserts":1,"retryReasons":[],"startAt":1787927775644,"status":"passed","title":"should show empty state when no classes are scheduled for a day"},{"ancestorTitles":["Timetable Component Tests","Test 2: Add & Edit Schedule Entries"],"duration":11,"failing":false,"failureDetails":[],"failureMessages":[],"fullName":"Timetable Component Tests Test 2: Add & Edit Schedule Entries should open form to add new schedule entry","invocations":1,"location":null,"numPassingAsserts":1,"retryReasons":[],"startAt":1787927775645,"status":"passed","title":"should open form to add new schedule entry"},{"ancestorTitles":["Timetable Component Tests","Test 2: Add & Edit Schedule Entries"],"duration":9,"failing":false,"failureDetails":[],"failureMessages":[],"fullName":"Timetable Component Tests Test 2: Add & Edit Schedule Entries should add new schedule entry with form submission","invocations":1,"location":null,"numPassingAsserts":1,"retryReasons":[],"startAt":1787927775656,"status":"passed","title":"should add new schedule entry with form submission"},{"ancestorTitles":["Timetable Component Tests","Test 2: Add & Edit Schedule Entries"],"duration":29,"failing":false,"failureDetails":[],"failureMessages":[],"fullName":"Timetable Component Tests Test 2: Add & Edit Schedule Entries should edit existing schedule entry","invocations":1,"location":null,"numPassingAsserts":1,"retryReasons":[],"startAt":1787927775665,"status":"passed","title":"should edit existing schedule entry"},{"ancestorTitles":["Timetable Component Tests","Test 3: Study Hours & Progress Tracking"],"duration":2,"failing":false,"failureDetails":[],"failureMessages":[],"fullName":"Timetable Component Tests Test 3: Study Hours & Progress Tracking should calculate total weekly study hours","invocations":1,"location":null,"numPassingAsserts":1,"retryReasons":[],"startAt":1787927775694,"status":"passed","title":"should calculate total weekly study hours"},{"ancestorTitles":["Timetable Component Tests","Test 3: Study Hours & Progress Tracking"],"duration":2,"failing":false,"failureDetails":[],"failureMessages":[],"fullName":"Timetable Component Tests Test 3: Study Hours & Progress Tracking should show study time by subject","invocations":1,"location":null,"numPassingAsserts":2,"retryReasons":[],"startAt":1787927775696,"status":"passed","title":"should show study time by subject"},{"ancestorTitles":["Timetable Component Tests","Test 3: Study Hours & Progress Tracking"],"duration":3,"failing":false,"failureDetails":[],"failureMessages":[],"fullName":"Timetable Component Tests Test 3: Study Hours & Progress Tracking should track completion status of study sessions","invocations":1,"location":null,"numPassingAsserts":3,"retryReasons":[],"startAt":1787927775698,"status":"passed","title":"should track completion status of study sessions"}],"endTime":1787927775701,"message":"","name":"C:\\Users\\aswin\\Downloads\\AI-Study-Planner\\frontend\\src\\__tests__\\components\\timetable.test.tsx","startTime":1787927775530,"status":"passed","summary":""},{"assertionResults":[{"ancestorTitles":["Confetti Celebration Utility"],"duration":2,"failing":false,"failureDetails":[],"failureMessages":[],"fullName":"Confetti Celebration Utility triggers fireCelebrationConfetti burst sequences without errors","invocations":1,"location":null,"numPassingAsserts":2,"retryReasons":[],"startAt":1787927775700,"status":"passed","title":"triggers fireCelebrationConfetti burst sequences without errors"},{"ancestorTitles":["Confetti Celebration Utility"],"duration":0,"failing":false,"failureDetails":[],"failureMessages":[],"fullName":"Confetti Celebration Utility triggers fireBadgeConfetti with custom coordinates","invocations":1,"location":null,"numPassingAsserts":1,"retryReasons":[],"startAt":1787927775702,"status":"passed","title":"triggers fireBadgeConfetti with custom coordinates"}],"endTime":1787927775703,"message":"","name":"C:\\Users\\aswin\\Downloads\\AI-Study-Planner\\frontend\\src\\__tests__\\lib\\confetti.test.ts","startTime":1787927775590,"status":"passed","summary":""},{"assertionResults":[{"ancestorTitles":["CloudShader Component"],"duration":7,"failing":false,"failureDetails":[],"failureMessages":[],"fullName":"CloudShader Component renders canvas element and container cleanly","invocations":1,"location":null,"numPassingAsserts":2,"retryReasons":[],"startAt":1787927775789,"status":"passed","title":"renders canvas element and container cleanly"},{"ancestorTitles":["CloudShader Component"],"duration":3,"failing":false,"failureDetails":[],"failureMessages":[],"fullName":"CloudShader Component renders children over the cloud canvas when provided","invocations":1,"location":null,"numPassingAsserts":2,"retryReasons":[],"startAt":1787927775796,"status":"passed","title":"renders children over the cloud canvas when provided"},{"ancestorTitles":["CloudShader Component"],"duration":1,"failing":false,"failureDetails":[],"failureMessages":[],"fullName":"CloudShader Component accepts custom shader parameters without throwing","invocations":1,"location":null,"numPassingAsserts":1,"retryReasons":[],"startAt":1787927775799,"status":"passed","title":"accepts custom shader parameters without throwing"},{"ancestorTitles":["CloudShader Component"],"duration":3,"failing":false,"failureDetails":[],"failureMessages":[],"fullName":"CloudShader Component renders CloudShaderDemo without crashing","invocations":1,"location":null,"numPassingAsserts":1,"retryReasons":[],"startAt":1787927775800,"status":"passed","title":"renders CloudShaderDemo without crashing"}],"endTime":1787927775804,"message":"","name":"C:\\Users\\aswin\\Downloads\\AI-Study-Planner\\frontend\\src\\__tests__\\components\\cloud-shader.test.tsx","startTime":1787927775678,"status":"passed","summary":""},{"assertionResults":[{"ancestorTitles":["dateHelpers","parseSlotDate"],"duration":1,"failing":false,"failureDetails":[],"failureMessages":[],"fullName":"dateHelpers parseSlotDate parses a backend LocalDate as local midnight, not UTC midnight","invocations":1,"location":null,"numPassingAsserts":4,"retryReasons":[],"startAt":1787927775807,"status":"passed","title":"parses a backend LocalDate as local midnight, not UTC midnight"},{"ancestorTitles":["dateHelpers","parseSlotDate"],"duration":0,"failing":false,"failureDetails":[],"failureMessages":[],"fullName":"dateHelpers parseSlotDate tolerates a full timestamp and rejects junk","invocations":1,"location":null,"numPassingAsserts":2,"retryReasons":[],"startAt":1787927775809,"status":"passed","title":"tolerates a full timestamp and rejects junk"},{"ancestorTitles":["dateHelpers","dayKey"],"duration":1,"failing":false,"failureDetails":[],"failureMessages":[],"fullName":"dateHelpers dayKey zero-pads to a string-comparable local calendar day","invocations":1,"location":null,"numPassingAsserts":2,"retryReasons":[],"startAt":1787927775809,"status":"passed","title":"zero-pads to a string-comparable local calendar day"},{"ancestorTitles":["dateHelpers","slotDayKey"],"duration":0,"failing":false,"failureDetails":[],"failureMessages":[],"fullName":"dateHelpers slotDayKey round-trips a slot date without shifting the day","invocations":1,"location":null,"numPassingAsserts":1,"retryReasons":[],"startAt":1787927775810,"status":"passed","title":"round-trips a slot date without shifting the day"},{"ancestorTitles":["dateHelpers","slotDayKey"],"duration":0,"failing":false,"failureDetails":[],"failureMessages":[],"fullName":"dateHelpers slotDayKey returns null for a slot that carries no date","invocations":1,"location":null,"numPassingAsserts":1,"retryReasons":[],"startAt":1787927775810,"status":"passed","title":"returns null for a slot that carries no date"},{"ancestorTitles":["dateHelpers"],"duration":1,"failing":false,"failureDetails":[],"failureMessages":[],"fullName":"dateHelpers mondayBasedIndex maps Monday to 0 and Sunday to 6","invocations":1,"location":null,"numPassingAsserts":2,"retryReasons":[],"startAt":1787927775810,"status":"passed","title":"mondayBasedIndex maps Monday to 0 and Sunday to 6"},{"ancestorTitles":["dateHelpers"],"duration":0,"failing":false,"failureDetails":[],"failureMessages":[],"fullName":"dateHelpers only today's calendar date counts as today, not every same weekday","invocations":1,"location":null,"numPassingAsserts":1,"retryReasons":[],"startAt":1787927775811,"status":"passed","title":"only today's calendar date counts as today, not every same weekday"}],"endTime":1787927775812,"message":"","name":"C:\\Users\\aswin\\Downloads\\AI-Study-Planner\\frontend\\src\\__tests__\\utils\\dateHelpers.test.ts","startTime":1787927775714,"status":"passed","summary":""},{"assertionResults":[{"ancestorTitles":["AdaptationTrigger ↔ AdaptiveScheduleService.TRIGGER_*"],"duration":1,"failing":false,"failureDetails":[],"failureMessages":[],"fullName":"AdaptationTrigger ↔ AdaptiveScheduleService.TRIGGER_* has a readable backend source to compare against","invocations":1,"location":null,"numPassingAsserts":1,"retryReasons":[],"startAt":1787927775822,"status":"passed","title":"has a readable backend source to compare against"},{"ancestorTitles":["AdaptationTrigger ↔ AdaptiveScheduleService.TRIGGER_*"],"duration":1,"failing":false,"failureDetails":[],"failureMessages":[],"fullName":"AdaptationTrigger ↔ AdaptiveScheduleService.TRIGGER_* declares exactly the triggers the backend recognises","invocations":1,"location":null,"numPassingAsserts":2,"retryReasons":[],"startAt":1787927775823,"status":"passed","title":"declares exactly the triggers the backend recognises"},{"ancestorTitles":["AdaptationTrigger ↔ AdaptiveScheduleService.TRIGGER_*"],"duration":1,"failing":false,"failureDetails":[],"failureMessages":[],"fullName":"AdaptationTrigger ↔ AdaptiveScheduleService.TRIGGER_* is the set the summary switch actually branches on","invocations":1,"location":null,"numPassingAsserts":1,"retryReasons":[],"startAt":1787927775825,"status":"passed","title":"is the set the summary switch actually branches on"}],"endTime":1787927775826,"message":"","name":"C:\\Users\\aswin\\Downloads\\AI-Study-Planner\\frontend\\src\\__tests__\\types\\adaptationTrigger.contract.test.ts","startTime":1787927775723,"status":"passed","summary":""},{"assertionResults":[{"ancestorTitles":["Custom Hooks Tests - Basic Validation","Test 1: useChat Hook"],"duration":2,"failing":false,"failureDetails":[],"failureMessages":[],"fullName":"Custom Hooks Tests - Basic Validation Test 1: useChat Hook should validate API endpoint for chat messages","invocations":1,"location":null,"numPassingAsserts":2,"retryReasons":[],"startAt":1787927775920,"status":"passed","title":"should validate API endpoint for chat messages"},{"ancestorTitles":["Custom Hooks Tests - Basic Validation","Test 1: useChat Hook"],"duration":0,"failing":false,"failureDetails":[],"failureMessages":[],"fullName":"Custom Hooks Tests - Basic Validation Test 1: useChat Hook should handle chat API errors gracefully","invocations":1,"location":null,"numPassingAsserts":1,"retryReasons":[],"startAt":1787927775922,"status":"passed","title":"should handle chat API errors gracefully"},{"ancestorTitles":["Custom Hooks Tests - Basic Validation","Test 1: useChat Hook"],"duration":1,"failing":false,"failureDetails":[],"failureMessages":[],"fullName":"Custom Hooks Tests - Basic Validation Test 1: useChat Hook should format chat messages with role and content","invocations":1,"location":null,"numPassingAsserts":4,"retryReasons":[],"startAt":1787927775922,"status":"passed","title":"should format chat messages with role and content"},{"ancestorTitles":["Custom Hooks Tests - Basic Validation","Test 2: useMaterials Hook"],"duration":0,"failing":false,"failureDetails":[],"failureMessages":[],"fullName":"Custom Hooks Tests - Basic Validation Test 2: useMaterials Hook should call materials API endpoint on fetch","invocations":1,"location":null,"numPassingAsserts":2,"retryReasons":[],"startAt":1787927775923,"status":"passed","title":"should call materials API endpoint on fetch"},{"ancestorTitles":["Custom Hooks Tests - Basic Validation","Test 2: useMaterials Hook"],"duration":1,"failing":false,"failureDetails":[],"failureMessages":[],"fullName":"Custom Hooks Tests - Basic Validation Test 2: useMaterials Hook should validate material object structure","invocations":1,"location":null,"numPassingAsserts":4,"retryReasons":[],"startAt":1787927775923,"status":"passed","title":"should validate material object structure"},{"ancestorTitles":["Custom Hooks Tests - Basic Validation","Test 2: useMaterials Hook"],"duration":1,"failing":false,"failureDetails":[],"failureMessages":[],"fullName":"Custom Hooks Tests - Basic Validation Test 2: useMaterials Hook should filter materials by category","invocations":1,"location":null,"numPassingAsserts":2,"retryReasons":[],"startAt":1787927775924,"status":"passed","title":"should filter materials by category"},{"ancestorTitles":["Custom Hooks Tests - Basic Validation","Test 3: useExams Hook"],"duration":0,"failing":false,"failureDetails":[],"failureMessages":[],"fullName":"Custom Hooks Tests - Basic Validation Test 3: useExams Hook should call exams API endpoint","invocations":1,"location":null,"numPassingAsserts":1,"retryReasons":[],"startAt":1787927775925,"status":"passed","title":"should call exams API endpoint"},{"ancestorTitles":["Custom Hooks Tests - Basic Validation","Test 3: useExams Hook"],"duration":0,"failing":false,"failureDetails":[],"failureMessages":[],"fullName":"Custom Hooks Tests - Basic Validation Test 3: useExams Hook should separate upcoming and past exams by date","invocations":1,"location":null,"numPassingAsserts":2,"retryReasons":[],"startAt":1787927775925,"status":"passed","title":"should separate upcoming and past exams by date"},{"ancestorTitles":["Custom Hooks Tests - Basic Validation","Test 3: useExams Hook"],"duration":1,"failing":false,"failureDetails":[],"failureMessages":[],"fullName":"Custom Hooks Tests - Basic Validation Test 3: useExams Hook should calculate exam performance metrics","invocations":1,"location":null,"numPassingAsserts":2,"retryReasons":[],"startAt":1787927775925,"status":"passed","title":"should calculate exam performance metrics"},{"ancestorTitles":["Custom Hooks Tests - Basic Validation","Test 4: useSubjects Hook"],"duration":0,"failing":false,"failureDetails":[],"failureMessages":[],"fullName":"Custom Hooks Tests - Basic Validation Test 4: useSubjects Hook should fetch subjects from API","invocations":1,"location":null,"numPassingAsserts":1,"retryReasons":[],"startAt":1787927775926,"status":"passed","title":"should fetch subjects from API"},{"ancestorTitles":["Custom Hooks Tests - Basic Validation","Test 4: useSubjects Hook"],"duration":0,"failing":false,"failureDetails":[],"failureMessages":[],"fullName":"Custom Hooks Tests - Basic Validation Test 4: useSubjects Hook should group subjects by category","invocations":1,"location":null,"numPassingAsserts":2,"retryReasons":[],"startAt":1787927775926,"status":"passed","title":"should group subjects by category"},{"ancestorTitles":["Custom Hooks Tests - Basic Validation","Test 5: useTimetable Hook"],"duration":0,"failing":false,"failureDetails":[],"failureMessages":[],"fullName":"Custom Hooks Tests - Basic Validation Test 5: useTimetable Hook should fetch timetable from API","invocations":1,"location":null,"numPassingAsserts":1,"retryReasons":[],"startAt":1787927775926,"status":"passed","title":"should fetch timetable from API"},{"ancestorTitles":["Custom Hooks Tests - Basic Validation","Test 5: useTimetable Hook"],"duration":1,"failing":false,"failureDetails":[],"failureMessages":[],"fullName":"Custom Hooks Tests - Basic Validation Test 5: useTimetable Hook should organize timetable by day","invocations":1,"location":null,"numPassingAsserts":1,"retryReasons":[],"startAt":1787927775926,"status":"passed","title":"should organize timetable by day"},{"ancestorTitles":["Custom Hooks Tests - Basic Validation","Test 5: useTimetable Hook"],"duration":0,"failing":false,"failureDetails":[],"failureMessages":[],"fullName":"Custom Hooks Tests - Basic Validation Test 5: useTimetable Hook should calculate total study hours","invocations":1,"location":null,"numPassingAsserts":1,"retryReasons":[],"startAt":1787927775927,"status":"passed","title":"should calculate total study hours"}],"endTime":1787927775928,"message":"","name":"C:\\Users\\aswin\\Downloads\\AI-Study-Planner\\frontend\\src\\__tests__\\hooks\\hooks.test.ts","startTime":1787927775825,"status":"passed","summary":""},{"assertionResults":[{"ancestorTitles":["Profile Persistence - Settings Page Tests"],"duration":167,"failing":false,"failureDetails":[],"failureMessages":[],"fullName":"Profile Persistence - Settings Page Tests Renders all profile fields pre-populated from user store and backend query","invocations":1,"location":null,"numPassingAsserts":5,"retryReasons":[],"startAt":1787927775694,"status":"passed","title":"Renders all profile fields pre-populated from user store and backend query"},{"ancestorTitles":["Profile Persistence - Settings Page Tests"],"duration":159,"failing":false,"failureDetails":[],"failureMessages":[],"fullName":"Profile Persistence - Settings Page Tests Submitting form calls authApi.updateMe with all editable fields including phoneNumber and integer semester","invocations":1,"location":null,"numPassingAsserts":1,"retryReasons":[],"startAt":1787927775862,"status":"passed","title":"Submitting form calls authApi.updateMe with all editable fields including phoneNumber and integer semester"},{"ancestorTitles":["Profile Persistence - Settings Page Tests"],"duration":2,"failing":false,"failureDetails":[],"failureMessages":[],"fullName":"Profile Persistence - Settings Page Tests authStore normalizes both name/fullName and photoUrl/profilePictureUrl","invocations":1,"location":null,"numPassingAsserts":7,"retryReasons":[],"startAt":1787927776021,"status":"passed","title":"authStore normalizes both name/fullName and photoUrl/profilePictureUrl"}],"endTime":1787927776024,"message":"","name":"C:\\Users\\aswin\\Downloads\\AI-Study-Planner\\frontend\\src\\__tests__\\app\\settings\\profilePersistence.test.tsx","startTime":1787927770224,"status":"passed","summary":""},{"assertionResults":[{"ancestorTitles":["Chat Component Tests","Test 1: Chat Message Display & Rendering"],"duration":55,"failing":false,"failureDetails":[],"failureMessages":[],"fullName":"Chat Component Tests Test 1: Chat Message Display & Rendering should render user and AI messages with correct styling","invocations":1,"location":null,"numPassingAsserts":4,"retryReasons":[],"startAt":1787927775113,"status":"passed","title":"should render user and AI messages with correct styling"},{"ancestorTitles":["Chat Component Tests","Test 1: Chat Message Display & Rendering"],"duration":6,"failing":false,"failureDetails":[],"failureMessages":[],"fullName":"Chat Component Tests Test 1: Chat Message Display & Rendering should display timestamp for each message","invocations":1,"location":null,"numPassingAsserts":1,"retryReasons":[],"startAt":1787927775169,"status":"passed","title":"should display timestamp for each message"},{"ancestorTitles":["Chat Component Tests","Test 1: Chat Message Display & Rendering"],"duration":12,"failing":false,"failureDetails":[],"failureMessages":[],"fullName":"Chat Component Tests Test 1: Chat Message Display & Rendering should auto-scroll to latest message","invocations":1,"location":null,"numPassingAsserts":1,"retryReasons":[],"startAt":1787927775175,"status":"passed","title":"should auto-scroll to latest message"},{"ancestorTitles":["Chat Component Tests","Test 2: Send Message & Receive AI Response"],"duration":401,"failing":false,"failureDetails":[],"failureMessages":[],"fullName":"Chat Component Tests Test 2: Send Message & Receive AI Response should send user message and receive AI response","invocations":1,"location":null,"numPassingAsserts":2,"retryReasons":[],"startAt":1787927775187,"status":"passed","title":"should send user message and receive AI response"},{"ancestorTitles":["Chat Component Tests","Test 2: Send Message & Receive AI Response"],"duration":149,"failing":false,"failureDetails":[],"failureMessages":[],"fullName":"Chat Component Tests Test 2: Send Message & Receive AI Response should show loading state while waiting for response","invocations":1,"location":null,"numPassingAsserts":1,"retryReasons":[],"startAt":1787927775589,"status":"passed","title":"should show loading state while waiting for response"},{"ancestorTitles":["Chat Component Tests","Test 2: Send Message & Receive AI Response"],"duration":110,"failing":false,"failureDetails":[],"failureMessages":[],"fullName":"Chat Component Tests Test 2: Send Message & Receive AI Response should disable send button when input is empty","invocations":1,"location":null,"numPassingAsserts":2,"retryReasons":[],"startAt":1787927775738,"status":"passed","title":"should disable send button when input is empty"},{"ancestorTitles":["Chat Component Tests","Test 3: Chat History & Context Management"],"duration":4,"failing":false,"failureDetails":[],"failureMessages":[],"fullName":"Chat Component Tests Test 3: Chat History & Context Management should maintain chat history across multiple exchanges","invocations":1,"location":null,"numPassingAsserts":5,"retryReasons":[],"startAt":1787927775849,"status":"passed","title":"should maintain chat history across multiple exchanges"},{"ancestorTitles":["Chat Component Tests","Test 3: Chat History & Context Management"],"duration":421,"failing":false,"failureDetails":[],"failureMessages":[],"fullName":"Chat Component Tests Test 3: Chat History & Context Management should preserve context when sending follow-up questions","invocations":1,"location":null,"numPassingAsserts":1,"retryReasons":[],"startAt":1787927775853,"status":"passed","title":"should preserve context when sending follow-up questions"},{"ancestorTitles":["Chat Component Tests","Test 3: Chat History & Context Management"],"duration":5,"failing":false,"failureDetails":[],"failureMessages":[],"fullName":"Chat Component Tests Test 3: Chat History & Context Management should clear chat history on user request","invocations":1,"location":null,"numPassingAsserts":1,"retryReasons":[],"startAt":1787927776275,"status":"passed","title":"should clear chat history on user request"}],"endTime":1787927776281,"message":"","name":"C:\\Users\\aswin\\Downloads\\AI-Study-Planner\\frontend\\src\\__tests__\\components\\chat.test.tsx","startTime":1787927770224,"status":"passed","summary":""},{"assertionResults":[{"ancestorTitles":["Exam Component Tests","Test 1: Exam List Display with Status"],"duration":27,"failing":false,"failureDetails":[],"failureMessages":[],"fullName":"Exam Component Tests Test 1: Exam List Display with Status should render upcoming exams with correct status","invocations":1,"location":null,"numPassingAsserts":4,"retryReasons":[],"startAt":1787927775113,"status":"passed","title":"should render upcoming exams with correct status"},{"ancestorTitles":["Exam Component Tests","Test 1: Exam List Display with Status"],"duration":4,"failing":false,"failureDetails":[],"failureMessages":[],"fullName":"Exam Component Tests Test 1: Exam List Display with Status should separate upcoming and past exams","invocations":1,"location":null,"numPassingAsserts":4,"retryReasons":[],"startAt":1787927775140,"status":"passed","title":"should separate upcoming and past exams"},{"ancestorTitles":["Exam Component Tests","Test 1: Exam List Display with Status"],"duration":6,"failing":false,"failureDetails":[],"failureMessages":[],"fullName":"Exam Component Tests Test 1: Exam List Display with Status should display exam details including duration and total marks","invocations":1,"location":null,"numPassingAsserts":5,"retryReasons":[],"startAt":1787927775144,"status":"passed","title":"should display exam details including duration and total marks"},{"ancestorTitles":["Exam Component Tests","Test 2: Add Exam with Form Validation"],"duration":65,"failing":false,"failureDetails":[],"failureMessages":[],"fullName":"Exam Component Tests Test 2: Add Exam with Form Validation should validate required fields when adding exam","invocations":1,"location":null,"numPassingAsserts":3,"retryReasons":[],"startAt":1787927775150,"status":"passed","title":"should validate required fields when adding exam"},{"ancestorTitles":["Exam Component Tests","Test 2: Add Exam with Form Validation"],"duration":1060,"failing":false,"failureDetails":[],"failureMessages":[],"fullName":"Exam Component Tests Test 2: Add Exam with Form Validation should add new exam with valid form submission","invocations":1,"location":null,"numPassingAsserts":1,"retryReasons":[],"startAt":1787927775215,"status":"passed","title":"should add new exam with valid form submission"},{"ancestorTitles":["Exam Component Tests","Test 2: Add Exam with Form Validation"],"duration":203,"failing":false,"failureDetails":[],"failureMessages":[],"fullName":"Exam Component Tests Test 2: Add Exam with Form Validation should validate that exam date is in the future","invocations":1,"location":null,"numPassingAsserts":1,"retryReasons":[],"startAt":1787927776275,"status":"passed","title":"should validate that exam date is in the future"},{"ancestorTitles":["Exam Component Tests","Test 3: Performance Tracking & Study Recommendations"],"duration":3,"failing":false,"failureDetails":[],"failureMessages":[],"fullName":"Exam Component Tests Test 3: Performance Tracking & Study Recommendations should display exam performance metrics","invocations":1,"location":null,"numPassingAsserts":3,"retryReasons":[],"startAt":1787927776478,"status":"passed","title":"should display exam performance metrics"},{"ancestorTitles":["Exam Component Tests","Test 3: Performance Tracking & Study Recommendations"],"duration":2,"failing":false,"failureDetails":[],"failureMessages":[],"fullName":"Exam Component Tests Test 3: Performance Tracking & Study Recommendations should show study recommendations based on exam performance","invocations":1,"location":null,"numPassingAsserts":1,"retryReasons":[],"startAt":1787927776481,"status":"passed","title":"should show study recommendations based on exam performance"},{"ancestorTitles":["Exam Component Tests","Test 3: Performance Tracking & Study Recommendations"],"duration":1,"failing":false,"failureDetails":[],"failureMessages":[],"fullName":"Exam Component Tests Test 3: Performance Tracking & Study Recommendations should calculate average marks across exams","invocations":1,"location":null,"numPassingAsserts":2,"retryReasons":[],"startAt":1787927776483,"status":"passed","title":"should calculate average marks across exams"},{"ancestorTitles":["Exam Component Tests","Test 3: Performance Tracking & Study Recommendations"],"duration":2,"failing":false,"failureDetails":[],"failureMessages":[],"fullName":"Exam Component Tests Test 3: Performance Tracking & Study Recommendations should show performance trend (improving/declining)","invocations":1,"location":null,"numPassingAsserts":2,"retryReasons":[],"startAt":1787927776484,"status":"passed","title":"should show performance trend (improving/declining)"}],"endTime":1787927776487,"message":"","name":"C:\\Users\\aswin\\Downloads\\AI-Study-Planner\\frontend\\src\\__tests__\\components\\exam.test.tsx","startTime":1787927770224,"status":"passed","summary":""},{"assertionResults":[{"ancestorTitles":["LoginPage - Auth/Login Tests","Test 1: Email Sign In Form"],"duration":104,"failing":false,"failureDetails":[],"failureMessages":[],"fullName":"LoginPage - Auth/Login Tests Test 1: Email Sign In Form should validate required fields and prevent submission when empty","invocations":1,"location":null,"numPassingAsserts":1,"retryReasons":[],"startAt":1787927775551,"status":"passed","title":"should validate required fields and prevent submission when empty"},{"ancestorTitles":["LoginPage - Auth/Login Tests","Test 1: Email Sign In Form"],"duration":620,"failing":false,"failureDetails":[],"failureMessages":[],"fullName":"LoginPage - Auth/Login Tests Test 1: Email Sign In Form should handle successful email sign in and exchange token with backend","invocations":1,"location":null,"numPassingAsserts":3,"retryReasons":[],"startAt":1787927775656,"status":"passed","title":"should handle successful email sign in and exchange token with backend"},{"ancestorTitles":["LoginPage - Auth/Login Tests","Test 1: Email Sign In Form"],"duration":653,"failing":false,"failureDetails":[],"failureMessages":[],"fullName":"LoginPage - Auth/Login Tests Test 1: Email Sign In Form should display error message on authentication failure","invocations":1,"location":null,"numPassingAsserts":1,"retryReasons":[],"startAt":1787927776276,"status":"passed","title":"should display error message on authentication failure"},{"ancestorTitles":["LoginPage - Auth/Login Tests","Test 2: Email Registration Form"],"duration":999,"failing":false,"failureDetails":[],"failureMessages":[],"fullName":"LoginPage - Auth/Login Tests Test 2: Email Registration Form should validate registration fields and prevent submission with mismatched passwords","invocations":1,"location":null,"numPassingAsserts":1,"retryReasons":[],"startAt":1787927776929,"status":"passed","title":"should validate registration fields and prevent submission with mismatched passwords"},{"ancestorTitles":["LoginPage - Auth/Login Tests","Test 2: Email Registration Form"],"duration":770,"failing":false,"failureDetails":[],"failureMessages":[],"fullName":"LoginPage - Auth/Login Tests Test 2: Email Registration Form should validate password minimum length during registration","invocations":1,"location":null,"numPassingAsserts":1,"retryReasons":[],"startAt":1787927777928,"status":"passed","title":"should validate password minimum length during registration"},{"ancestorTitles":["LoginPage - Auth/Login Tests","Test 2: Email Registration Form"],"duration":1064,"failing":false,"failureDetails":[],"failureMessages":[],"fullName":"LoginPage - Auth/Login Tests Test 2: Email Registration Form should handle successful registration with account creation and token exchange","invocations":1,"location":null,"numPassingAsserts":4,"retryReasons":[],"startAt":1787927778699,"status":"passed","title":"should handle successful registration with account creation and token exchange"},{"ancestorTitles":["LoginPage - Auth/Login Tests","Test 3: Google OAuth Sign In"],"duration":46,"failing":false,"failureDetails":[],"failureMessages":[],"fullName":"LoginPage - Auth/Login Tests Test 3: Google OAuth Sign In should handle Google OAuth flow and redirect to dashboard","invocations":1,"location":null,"numPassingAsserts":3,"retryReasons":[],"startAt":1787927779763,"status":"passed","title":"should handle Google OAuth flow and redirect to dashboard"},{"ancestorTitles":["LoginPage - Auth/Login Tests","Test 3: Google OAuth Sign In"],"duration":31,"failing":false,"failureDetails":[],"failureMessages":[],"fullName":"LoginPage - Auth/Login Tests Test 3: Google OAuth Sign In should display error when Google OAuth popup is closed by user","invocations":1,"location":null,"numPassingAsserts":1,"retryReasons":[],"startAt":1787927779809,"status":"passed","title":"should display error when Google OAuth popup is closed by user"}],"endTime":1787927779842,"message":"","name":"C:\\Users\\aswin\\Downloads\\AI-Study-Planner\\frontend\\src\\__tests__\\app\\auth\\login.test.tsx","startTime":1787927770224,"status":"passed","summary":""}],"wasInterrupted":false}
