{"numFailedTestSuites":0,"numFailedTests":0,"numPassedTestSuites":1,"numPassedTests":8,"numPendingTestSuites":0,"numPendingTests":0,"numRuntimeErrorTestSuites":0,"numTodoTests":0,"numTotalTestSuites":1,"numTotalTests":8,"openHandles":[],"snapshot":{"added":0,"didUpdate":false,"failure":false,"filesAdded":0,"filesRemoved":0,"filesRemovedList":[],"filesUnmatched":0,"filesUpdated":0,"matched":0,"total":0,"unchecked":0,"uncheckedKeysByFile":[],"unmatched":0,"updated":0},"startTime":1787927802944,"success":true,"testResults":[{"assertionResults":[{"ancestorTitles":["Mobile App Unit & Utilities Test Suite","dateUtils"],"duration":3,"failureDetails":[],"failureMessages":[],"fullName":"Mobile App Unit & Utilities Test Suite dateUtils formats ISO date strings correctly","invocations":1,"location":null,"numPassingAsserts":2,"retryReasons":[],"status":"passed","title":"formats ISO date strings correctly"},{"ancestorTitles":["Mobile App Unit & Utilities Test Suite","dateUtils"],"duration":0,"failureDetails":[],"failureMessages":[],"fullName":"Mobile App Unit & Utilities Test Suite dateUtils formats HH:mm:ss strings to 12-hour AM/PM format","invocations":1,"location":null,"numPassingAsserts":3,"retryReasons":[],"status":"passed","title":"formats HH:mm:ss strings to 12-hour AM/PM format"},{"ancestorTitles":["Mobile App Unit & Utilities Test Suite","dateUtils"],"duration":0,"failureDetails":[],"failureMessages":[],"fullName":"Mobile App Unit & Utilities Test Suite dateUtils formats slot start and end time ranges correctly","invocations":1,"location":null,"numPassingAsserts":2,"retryReasons":[],"status":"passed","title":"formats slot start and end time ranges correctly"},{"ancestorTitles":["Mobile App Unit & Utilities Test Suite","dateUtils"],"duration":1,"failureDetails":[],"failureMessages":[],"fullName":"Mobile App Unit & Utilities Test Suite dateUtils maps dayOfWeek numbers to day labels correctly","invocations":1,"location":null,"numPassingAsserts":5,"retryReasons":[],"status":"passed","title":"maps dayOfWeek numbers to day labels correctly"},{"ancestorTitles":["Mobile App Unit & Utilities Test Suite","errorHandler"],"duration":0,"failureDetails":[],"failureMessages":[],"fullName":"Mobile App Unit & Utilities Test Suite errorHandler extracts backend ApiError message if present","invocations":1,"location":null,"numPassingAsserts":1,"retryReasons":[],"status":"passed","title":"extracts backend ApiError message if present"},{"ancestorTitles":["Mobile App Unit & Utilities Test Suite","errorHandler"],"duration":1,"failureDetails":[],"failureMessages":[],"fullName":"Mobile App Unit & Utilities Test Suite errorHandler falls back to Error.message if standard Error","invocations":1,"location":null,"numPassingAsserts":1,"retryReasons":[],"status":"passed","title":"falls back to Error.message if standard Error"},{"ancestorTitles":["Mobile App Unit & Utilities Test Suite","errorHandler"],"duration":0,"failureDetails":[],"failureMessages":[],"fullName":"Mobile App Unit & Utilities Test Suite errorHandler provides generic fallback string when error is unknown or null","invocations":1,"location":null,"numPassingAsserts":1,"retryReasons":[],"status":"passed","title":"provides generic fallback string when error is unknown or null"},{"ancestorTitles":["Mobile App Unit & Utilities Test Suite","errorHandler"],"duration":0,"failureDetails":[],"failureMessages":[],"fullName":"Mobile App Unit & Utilities Test Suite errorHandler correctly identifies network and timeout errors","invocations":1,"location":null,"numPassingAsserts":4,"retryReasons":[],"status":"passed","title":"correctly identifies network and timeout errors"}],"endTime":1787927809687,"message":"","name":"C:\\Users\\aswin\\Downloads\\AI-Study-Planner\\mobile\\src\\__tests__\\mobileApp.test.ts","startTime":1787927805885,"status":"passed","summary":""}],"wasInterrupted":false}
