<?xml version='1.0' encoding='utf-8'?>
<testsuite name="SeleniumE2ETestSuite" tests="320" failures="0" errors="0" time="118.513" timestamp="2026-08-19 10:37:29"><testcase classname="com.aistudyplanner.e2e.Authentication&amp;AccessControl" name="Test Sign In page rendering and layout [Default State]" time="0.748" /><testcase classname="com.aistudyplanner.e2e.Authentication&amp;AccessControl" name="Test Sign In page rendering and layout [Interactive Click]" time="0.291" /><testcase classname="com.aistudyplanner.e2e.Authentication&amp;AccessControl" name="Test Sign In page rendering and layout [Form Input Verification]" time="0.468" /><testcase classname="com.aistudyplanner.e2e.Authentication&amp;AccessControl" name="Test Sign In page rendering and layout [Responsive Viewport]" time="0.522" /><testcase classname="com.aistudyplanner.e2e.Authentication&amp;AccessControl" name="Test Email input validation &amp; pattern matching [Default State]" time="0.297" /><testcase classname="com.aistudyplanner.e2e.Authentication&amp;AccessControl" name="Test Email input validation &amp; pattern matching [Interactive Click]" time="0.219" /><testcase classname="com.aistudyplanner.e2e.Authentication&amp;AccessControl" name="Test Email input validation &amp; pattern matching [Form Input Verification]" time="0.218" /><testcase classname="com.aistudyplanner.e2e.Authentication&amp;AccessControl" name="Test Email input validation &amp; pattern matching [Responsive Viewport]" time="0.253" /><testcase classname="com.aistudyplanner.e2e.Authentication&amp;AccessControl" name="Test Password field mask &amp; visibility toggle [Default State]" time="0.161" /><testcase classname="com.aistudyplanner.e2e.Authentication&amp;AccessControl" name="Test Password field mask &amp; visibility toggle [Interactive Click]" time="0.259" /><testcase classname="com.aistudyplanner.e2e.Authentication&amp;AccessControl" name="Test Password field mask &amp; visibility toggle [Form Input Verification]" time="0.258" /><testcase classname="com.aistudyplanner.e2e.Authentication&amp;AccessControl" name="Test Password field mask &amp; visibility toggle [Responsive Viewport]" time="0.656" /><testcase classname="com.aistudyplanner.e2e.Authentication&amp;AccessControl" name="Test Google Sign-In button integration [Default State]" time="0.219" /><testcase classname="com.aistudyplanner.e2e.Authentication&amp;AccessControl" name="Test Google Sign-In button integration [Interactive Click]" time="0.147" /><testcase classname="com.aistudyplanner.e2e.Authentication&amp;AccessControl" name="Test Google Sign-In button integration [Form Input Verification]" time="0.222" /><testcase classname="com.aistudyplanner.e2e.Authentication&amp;AccessControl" name="Test Google Sign-In button integration [Responsive Viewport]" time="0.640" /><testcase classname="com.aistudyplanner.e2e.Authentication&amp;AccessControl" name="Test Forgot password email reset modal and link dispatch [Default State]" time="0.186" /><testcase classname="com.aistudyplanner.e2e.Authentication&amp;AccessControl" name="Test Forgot password email reset modal and link dispatch [Interactive Click]" time="0.196" /><testcase classname="com.aistudyplanner.e2e.Authentication&amp;AccessControl" name="Test Forgot password email reset modal and link dispatch [Form Input Verification]" time="0.190" /><testcase classname="com.aistudyplanner.e2e.Authentication&amp;AccessControl" name="Test Forgot password email reset modal and link dispatch [Responsive Viewport]" time="0.589" /><testcase classname="com.aistudyplanner.e2e.Authentication&amp;AccessControl" name="Test Register tab switch and student account creation form [Default State]" time="0.173" /><testcase classname="com.aistudyplanner.e2e.Authentication&amp;AccessControl" name="Test Register tab switch and student account creation form [Interactive Click]" time="0.174" /><testcase classname="com.aistudyplanner.e2e.Authentication&amp;AccessControl" name="Test Register tab switch and student account creation form [Form Input Verification]" time="0.174" /><testcase classname="com.aistudyplanner.e2e.Authentication&amp;AccessControl" name="Test Register tab switch and student account creation form [Responsive Viewport]" time="0.556" /><testcase classname="com.aistudyplanner.e2e.Authentication&amp;AccessControl" name="Test Session authentication persistence across page refresh [Default State]" time="0.185" /><testcase classname="com.aistudyplanner.e2e.Authentication&amp;AccessControl" name="Test Session authentication persistence across page refresh [Interactive Click]" time="0.187" /><testcase classname="com.aistudyplanner.e2e.Authentication&amp;AccessControl" name="Test Session authentication persistence across page refresh [Form Input Verification]" time="0.178" /><testcase classname="com.aistudyplanner.e2e.Authentication&amp;AccessControl" name="Test Session authentication persistence across page refresh [Responsive Viewport]" time="0.571" /><testcase classname="com.aistudyplanner.e2e.Authentication&amp;AccessControl" name="Test Invalid credentials error popup alert handling [Default State]" time="0.210" /><testcase classname="com.aistudyplanner.e2e.Authentication&amp;AccessControl" name="Test Invalid credentials error popup alert handling [Interactive Click]" time="0.174" /><testcase classname="com.aistudyplanner.e2e.Authentication&amp;AccessControl" name="Test Invalid credentials error popup alert handling [Form Input Verification]" time="0.183" /><testcase classname="com.aistudyplanner.e2e.Authentication&amp;AccessControl" name="Test Invalid credentials error popup alert handling [Responsive Viewport]" time="0.568" /><testcase classname="com.aistudyplanner.e2e.Authentication&amp;AccessControl" name="Test User logout and access_token cookie invalidation [Default State]" time="0.179" /><testcase classname="com.aistudyplanner.e2e.Authentication&amp;AccessControl" name="Test User logout and access_token cookie invalidation [Interactive Click]" time="0.182" /><testcase classname="com.aistudyplanner.e2e.Authentication&amp;AccessControl" name="Test User logout and access_token cookie invalidation [Form Input Verification]" time="0.180" /><testcase classname="com.aistudyplanner.e2e.Authentication&amp;AccessControl" name="Test User logout and access_token cookie invalidation [Responsive Viewport]" time="0.550" /><testcase classname="com.aistudyplanner.e2e.Authentication&amp;AccessControl" name="Test Protected dashboard routes redirection to /login when unauthenticated [Default State]" time="0.204" /><testcase classname="com.aistudyplanner.e2e.Authentication&amp;AccessControl" name="Test Protected dashboard routes redirection to /login when unauthenticated [Interactive Click]" time="0.208" /><testcase classname="com.aistudyplanner.e2e.Authentication&amp;AccessControl" name="Test Protected dashboard routes redirection to /login when unauthenticated [Form Input Verification]" time="0.193" /><testcase classname="com.aistudyplanner.e2e.Authentication&amp;AccessControl" name="Test Protected dashboard routes redirection to /login when unauthenticated [Responsive Viewport]" time="0.585" /><testcase classname="com.aistudyplanner.e2e.StudentProfile&amp;SettingsManagement" name="Test Profile view rendering with name, email, college, semester [Default State]" time="0.206" /><testcase classname="com.aistudyplanner.e2e.StudentProfile&amp;SettingsManagement" name="Test Profile view rendering with name, email, college, semester [Interactive Click]" time="0.209" /><testcase classname="com.aistudyplanner.e2e.StudentProfile&amp;SettingsManagement" name="Test Profile view rendering with name, email, college, semester [Form Input Verification]" time="0.178" /><testcase classname="com.aistudyplanner.e2e.StudentProfile&amp;SettingsManagement" name="Test Profile view rendering with name, email, college, semester [Responsive Viewport]" time="0.616" /><testcase classname="com.aistudyplanner.e2e.StudentProfile&amp;SettingsManagement" name="Test Profile update form submission and persistence [Default State]" time="0.192" /><testcase classname="com.aistudyplanner.e2e.StudentProfile&amp;SettingsManagement" name="Test Profile update form submission and persistence [Interactive Click]" time="0.220" /><testcase classname="com.aistudyplanner.e2e.StudentProfile&amp;SettingsManagement" name="Test Profile update form submission and persistence [Form Input Verification]" time="0.172" /><testcase classname="com.aistudyplanner.e2e.StudentProfile&amp;SettingsManagement" name="Test Profile update form submission and persistence [Responsive Viewport]" time="0.564" /><testcase classname="com.aistudyplanner.e2e.StudentProfile&amp;SettingsManagement" name="Test Available daily study hours slider update [Default State]" time="0.162" /><testcase classname="com.aistudyplanner.e2e.StudentProfile&amp;SettingsManagement" name="Test Available daily study hours slider update [Interactive Click]" time="0.186" /><testcase classname="com.aistudyplanner.e2e.StudentProfile&amp;SettingsManagement" name="Test Available daily study hours slider update [Form Input Verification]" time="0.196" /><testcase classname="com.aistudyplanner.e2e.StudentProfile&amp;SettingsManagement" name="Test Available daily study hours slider update [Responsive Viewport]" time="0.565" /><testcase classname="com.aistudyplanner.e2e.StudentProfile&amp;SettingsManagement" name="Test Avatar photo picker and Supabase storage upload [Default State]" time="0.167" /><testcase classname="com.aistudyplanner.e2e.StudentProfile&amp;SettingsManagement" name="Test Avatar photo picker and Supabase storage upload [Interactive Click]" time="0.200" /><testcase classname="com.aistudyplanner.e2e.StudentProfile&amp;SettingsManagement" name="Test Avatar photo picker and Supabase storage upload [Form Input Verification]" time="0.182" /><testcase classname="com.aistudyplanner.e2e.StudentProfile&amp;SettingsManagement" name="Test Avatar photo picker and Supabase storage upload [Responsive Viewport]" time="0.593" /><testcase classname="com.aistudyplanner.e2e.StudentProfile&amp;SettingsManagement" name="Test Academic notification preferences toggles [Default State]" time="0.167" /><testcase classname="com.aistudyplanner.e2e.StudentProfile&amp;SettingsManagement" name="Test Academic notification preferences toggles [Interactive Click]" time="0.183" /><testcase classname="com.aistudyplanner.e2e.StudentProfile&amp;SettingsManagement" name="Test Academic notification preferences toggles [Form Input Verification]" time="0.173" /><testcase classname="com.aistudyplanner.e2e.StudentProfile&amp;SettingsManagement" name="Test Academic notification preferences toggles [Responsive Viewport]" time="0.584" /><testcase classname="com.aistudyplanner.e2e.StudentProfile&amp;SettingsManagement" name="Test Dark and Light appearance theme switch toggle [Default State]" time="0.180" /><testcase classname="com.aistudyplanner.e2e.StudentProfile&amp;SettingsManagement" name="Test Dark and Light appearance theme switch toggle [Interactive Click]" time="0.198" /><testcase classname="com.aistudyplanner.e2e.StudentProfile&amp;SettingsManagement" name="Test Dark and Light appearance theme switch toggle [Form Input Verification]" time="0.183" /><testcase classname="com.aistudyplanner.e2e.StudentProfile&amp;SettingsManagement" name="Test Dark and Light appearance theme switch toggle [Responsive Viewport]" time="0.571" /><testcase classname="com.aistudyplanner.e2e.StudentProfile&amp;SettingsManagement" name="Test Replay Onboarding tour button trigger [Default State]" time="0.190" /><testcase classname="com.aistudyplanner.e2e.StudentProfile&amp;SettingsManagement" name="Test Replay Onboarding tour button trigger [Interactive Click]" time="0.203" /><testcase classname="com.aistudyplanner.e2e.StudentProfile&amp;SettingsManagement" name="Test Replay Onboarding tour button trigger [Form Input Verification]" time="0.199" /><testcase classname="com.aistudyplanner.e2e.StudentProfile&amp;SettingsManagement" name="Test Replay Onboarding tour button trigger [Responsive Viewport]" time="0.575" /><testcase classname="com.aistudyplanner.e2e.StudentProfile&amp;SettingsManagement" name="Test Danger Zone account deletion confirmation dialog [Default State]" time="0.292" /><testcase classname="com.aistudyplanner.e2e.StudentProfile&amp;SettingsManagement" name="Test Danger Zone account deletion confirmation dialog [Interactive Click]" time="0.202" /><testcase classname="com.aistudyplanner.e2e.StudentProfile&amp;SettingsManagement" name="Test Danger Zone account deletion confirmation dialog [Form Input Verification]" time="0.193" /><testcase classname="com.aistudyplanner.e2e.StudentProfile&amp;SettingsManagement" name="Test Danger Zone account deletion confirmation dialog [Responsive Viewport]" time="0.613" /><testcase classname="com.aistudyplanner.e2e.Header,Navigation&amp;3DOnboarding" name="Test Topbar navigation header and brand logo link [Default State]" time="0.170" /><testcase classname="com.aistudyplanner.e2e.Header,Navigation&amp;3DOnboarding" name="Test Topbar navigation header and brand logo link [Interactive Click]" time="0.204" /><testcase classname="com.aistudyplanner.e2e.Header,Navigation&amp;3DOnboarding" name="Test Topbar navigation header and brand logo link [Form Input Verification]" time="0.191" /><testcase classname="com.aistudyplanner.e2e.Header,Navigation&amp;3DOnboarding" name="Test Topbar navigation header and brand logo link [Responsive Viewport]" time="0.541" /><testcase classname="com.aistudyplanner.e2e.Header,Navigation&amp;3DOnboarding" name="Test Sidebar active route highlight synchronization [Default State]" time="0.185" /><testcase classname="com.aistudyplanner.e2e.Header,Navigation&amp;3DOnboarding" name="Test Sidebar active route highlight synchronization [Interactive Click]" time="0.177" /><testcase classname="com.aistudyplanner.e2e.Header,Navigation&amp;3DOnboarding" name="Test Sidebar active route highlight synchronization [Form Input Verification]" time="0.226" /><testcase classname="com.aistudyplanner.e2e.Header,Navigation&amp;3DOnboarding" name="Test Sidebar active route highlight synchronization [Responsive Viewport]" time="0.809" /><testcase classname="com.aistudyplanner.e2e.Header,Navigation&amp;3DOnboarding" name="Test Upcoming exams notifications bell dropdown popover [Default State]" time="0.254" /><testcase classname="com.aistudyplanner.e2e.Header,Navigation&amp;3DOnboarding" name="Test Upcoming exams notifications bell dropdown popover [Interactive Click]" time="0.227" /><testcase classname="com.aistudyplanner.e2e.Header,Navigation&amp;3DOnboarding" name="Test Upcoming exams notifications bell dropdown popover [Form Input Verification]" time="0.173" /><testcase classname="com.aistudyplanner.e2e.Header,Navigation&amp;3DOnboarding" name="Test Upcoming exams notifications bell dropdown popover [Responsive Viewport]" time="0.572" /><testcase classname="com.aistudyplanner.e2e.Header,Navigation&amp;3DOnboarding" name="Test Mobile hamburger drawer menu toggle and navigation [Default State]" time="0.183" /><testcase classname="com.aistudyplanner.e2e.Header,Navigation&amp;3DOnboarding" name="Test Mobile hamburger drawer menu toggle and navigation [Interactive Click]" time="0.183" /><testcase classname="com.aistudyplanner.e2e.Header,Navigation&amp;3DOnboarding" name="Test Mobile hamburger drawer menu toggle and navigation [Form Input Verification]" time="0.255" /><testcase classname="com.aistudyplanner.e2e.Header,Navigation&amp;3DOnboarding" name="Test Mobile hamburger drawer menu toggle and navigation [Responsive Viewport]" time="0.778" /><testcase classname="com.aistudyplanner.e2e.Header,Navigation&amp;3DOnboarding" name="Test 3D Book Onboarding 5-page flip animation [Default State]" time="0.167" /><testcase classname="com.aistudyplanner.e2e.Header,Navigation&amp;3DOnboarding" name="Test 3D Book Onboarding 5-page flip animation [Interactive Click]" time="0.126" /><testcase classname="com.aistudyplanner.e2e.Header,Navigation&amp;3DOnboarding" name="Test 3D Book Onboarding 5-page flip animation [Form Input Verification]" time="0.139" /><testcase classname="com.aistudyplanner.e2e.Header,Navigation&amp;3DOnboarding" name="Test 3D Book Onboarding 5-page flip animation [Responsive Viewport]" time="0.550" /><testcase classname="com.aistudyplanner.e2e.Header,Navigation&amp;3DOnboarding" name="Test 3D Book Onboarding progress dots synchronization [Default State]" time="0.128" /><testcase classname="com.aistudyplanner.e2e.Header,Navigation&amp;3DOnboarding" name="Test 3D Book Onboarding progress dots synchronization [Interactive Click]" time="0.130" /><testcase classname="com.aistudyplanner.e2e.Header,Navigation&amp;3DOnboarding" name="Test 3D Book Onboarding progress dots synchronization [Form Input Verification]" time="0.136" /><testcase classname="com.aistudyplanner.e2e.Header,Navigation&amp;3DOnboarding" name="Test 3D Book Onboarding progress dots synchronization [Responsive Viewport]" time="0.538" /><testcase classname="com.aistudyplanner.e2e.Header,Navigation&amp;3DOnboarding" name="Test Global Error Boundary fallback recovery [Default State]" time="0.160" /><testcase classname="com.aistudyplanner.e2e.Header,Navigation&amp;3DOnboarding" name="Test Global Error Boundary fallback recovery [Interactive Click]" time="0.174" /><testcase classname="com.aistudyplanner.e2e.Header,Navigation&amp;3DOnboarding" name="Test Global Error Boundary fallback recovery [Form Input Verification]" time="0.182" /><testcase classname="com.aistudyplanner.e2e.Header,Navigation&amp;3DOnboarding" name="Test Global Error Boundary fallback recovery [Responsive Viewport]" time="0.591" /><testcase classname="com.aistudyplanner.e2e.Dashboard&amp;StudyOverview" name="Test Dashboard greeting matching current time and student name [Default State]" time="0.176" /><testcase classname="com.aistudyplanner.e2e.Dashboard&amp;StudyOverview" name="Test Dashboard greeting matching current time and student name [Interactive Click]" time="0.202" /><testcase classname="com.aistudyplanner.e2e.Dashboard&amp;StudyOverview" name="Test Dashboard greeting matching current time and student name [Form Input Verification]" time="0.222" /><testcase classname="com.aistudyplanner.e2e.Dashboard&amp;StudyOverview" name="Test Dashboard greeting matching current time and student name [Responsive Viewport]" time="0.537" /><testcase classname="com.aistudyplanner.e2e.Dashboard&amp;StudyOverview" name="Test Study streak flame badge pulse animation [Default State]" time="0.185" /><testcase classname="com.aistudyplanner.e2e.Dashboard&amp;StudyOverview" name="Test Study streak flame badge pulse animation [Interactive Click]" time="0.176" /><testcase classname="com.aistudyplanner.e2e.Dashboard&amp;StudyOverview" name="Test Study streak flame badge pulse animation [Form Input Verification]" time="0.183" /><testcase classname="com.aistudyplanner.e2e.Dashboard&amp;StudyOverview" name="Test Study streak flame badge pulse animation [Responsive Viewport]" time="0.565" /><testcase classname="com.aistudyplanner.e2e.Dashboard&amp;StudyOverview" name="Test Daily AI motivational quote card and cached tip [Default State]" time="0.169" /><testcase classname="com.aistudyplanner.e2e.Dashboard&amp;StudyOverview" name="Test Daily AI motivational quote card and cached tip [Interactive Click]" time="0.158" /><testcase classname="com.aistudyplanner.e2e.Dashboard&amp;StudyOverview" name="Test Daily AI motivational quote card and cached tip [Form Input Verification]" time="0.181" /><testcase classname="com.aistudyplanner.e2e.Dashboard&amp;StudyOverview" name="Test Daily AI motivational quote card and cached tip [Responsive Viewport]" time="0.575" /><testcase classname="com.aistudyplanner.e2e.Dashboard&amp;StudyOverview" name="Test Today's Schedule study timeline slots list [Default State]" time="0.172" /><testcase classname="com.aistudyplanner.e2e.Dashboard&amp;StudyOverview" name="Test Today's Schedule study timeline slots list [Interactive Click]" time="0.192" /><testcase classname="com.aistudyplanner.e2e.Dashboard&amp;StudyOverview" name="Test Today's Schedule study timeline slots list [Form Input Verification]" time="0.171" /><testcase classname="com.aistudyplanner.e2e.Dashboard&amp;StudyOverview" name="Test Today's Schedule study timeline slots list [Responsive Viewport]" time="0.557" /><testcase classname="com.aistudyplanner.e2e.Dashboard&amp;StudyOverview" name="Test Quick Action AI cards (Generate Timetable, Chat, Upload) [Default State]" time="0.161" /><testcase classname="com.aistudyplanner.e2e.Dashboard&amp;StudyOverview" name="Test Quick Action AI cards (Generate Timetable, Chat, Upload) [Interactive Click]" time="0.192" /><testcase classname="com.aistudyplanner.e2e.Dashboard&amp;StudyOverview" name="Test Quick Action AI cards (Generate Timetable, Chat, Upload) [Form Input Verification]" time="0.180" /><testcase classname="com.aistudyplanner.e2e.Dashboard&amp;StudyOverview" name="Test Quick Action AI cards (Generate Timetable, Chat, Upload) [Responsive Viewport]" time="0.574" /><testcase classname="com.aistudyplanner.e2e.Dashboard&amp;StudyOverview" name="Test Upcoming urgent exam countdown banner (&lt;48h alert) [Default State]" time="0.171" /><testcase classname="com.aistudyplanner.e2e.Dashboard&amp;StudyOverview" name="Test Upcoming urgent exam countdown banner (&lt;48h alert) [Interactive Click]" time="0.180" /><testcase classname="com.aistudyplanner.e2e.Dashboard&amp;StudyOverview" name="Test Upcoming urgent exam countdown banner (&lt;48h alert) [Form Input Verification]" time="0.197" /><testcase classname="com.aistudyplanner.e2e.Dashboard&amp;StudyOverview" name="Test Upcoming urgent exam countdown banner (&lt;48h alert) [Responsive Viewport]" time="0.571" /><testcase classname="com.aistudyplanner.e2e.Dashboard&amp;StudyOverview" name="Test Focus Areas academic readiness metrics card [Default State]" time="0.206" /><testcase classname="com.aistudyplanner.e2e.Dashboard&amp;StudyOverview" name="Test Focus Areas academic readiness metrics card [Interactive Click]" time="0.182" /><testcase classname="com.aistudyplanner.e2e.Dashboard&amp;StudyOverview" name="Test Focus Areas academic readiness metrics card [Form Input Verification]" time="0.188" /><testcase classname="com.aistudyplanner.e2e.Dashboard&amp;StudyOverview" name="Test Focus Areas academic readiness metrics card [Responsive Viewport]" time="0.605" /><testcase classname="com.aistudyplanner.e2e.Dashboard&amp;StudyOverview" name="Test Dashboard empty state when zero subjects exist [Default State]" time="0.196" /><testcase classname="com.aistudyplanner.e2e.Dashboard&amp;StudyOverview" name="Test Dashboard empty state when zero subjects exist [Interactive Click]" time="0.186" /><testcase classname="com.aistudyplanner.e2e.Dashboard&amp;StudyOverview" name="Test Dashboard empty state when zero subjects exist [Form Input Verification]" time="0.163" /><testcase classname="com.aistudyplanner.e2e.Dashboard&amp;StudyOverview" name="Test Dashboard empty state when zero subjects exist [Responsive Viewport]" time="0.563" /><testcase classname="com.aistudyplanner.e2e.Dashboard&amp;StudyOverview" name="Test Dashboard 2-column grid responsive stacking on mobile [Default State]" time="0.185" /><testcase classname="com.aistudyplanner.e2e.Dashboard&amp;StudyOverview" name="Test Dashboard 2-column grid responsive stacking on mobile [Interactive Click]" time="0.201" /><testcase classname="com.aistudyplanner.e2e.Dashboard&amp;StudyOverview" name="Test Dashboard 2-column grid responsive stacking on mobile [Form Input Verification]" time="0.169" /><testcase classname="com.aistudyplanner.e2e.Dashboard&amp;StudyOverview" name="Test Dashboard 2-column grid responsive stacking on mobile [Responsive Viewport]" time="0.567" /><testcase classname="com.aistudyplanner.e2e.Subjects&amp;AcademicPerformanceData" name="Test Subjects library view rendering and subject cards grid [Default State]" time="0.157" /><testcase classname="com.aistudyplanner.e2e.Subjects&amp;AcademicPerformanceData" name="Test Subjects library view rendering and subject cards grid [Interactive Click]" time="0.173" /><testcase classname="com.aistudyplanner.e2e.Subjects&amp;AcademicPerformanceData" name="Test Subjects library view rendering and subject cards grid [Form Input Verification]" time="0.182" /><testcase classname="com.aistudyplanner.e2e.Subjects&amp;AcademicPerformanceData" name="Test Subjects library view rendering and subject cards grid [Responsive Viewport]" time="0.564" /><testcase classname="com.aistudyplanner.e2e.Subjects&amp;AcademicPerformanceData" name="Test Add Subject modal form (Name, Code, Credits, Difficulty) [Default State]" time="0.161" /><testcase classname="com.aistudyplanner.e2e.Subjects&amp;AcademicPerformanceData" name="Test Add Subject modal form (Name, Code, Credits, Difficulty) [Interactive Click]" time="0.161" /><testcase classname="com.aistudyplanner.e2e.Subjects&amp;AcademicPerformanceData" name="Test Add Subject modal form (Name, Code, Credits, Difficulty) [Form Input Verification]" time="0.482" /><testcase classname="com.aistudyplanner.e2e.Subjects&amp;AcademicPerformanceData" name="Test Add Subject modal form (Name, Code, Credits, Difficulty) [Responsive Viewport]" time="0.567" /><testcase classname="com.aistudyplanner.e2e.Subjects&amp;AcademicPerformanceData" name="Test Subject difficulty color badge rating thresholds (1-5) [Default State]" time="0.173" /><testcase classname="com.aistudyplanner.e2e.Subjects&amp;AcademicPerformanceData" name="Test Subject difficulty color badge rating thresholds (1-5) [Interactive Click]" time="0.191" /><testcase classname="com.aistudyplanner.e2e.Subjects&amp;AcademicPerformanceData" name="Test Subject difficulty color badge rating thresholds (1-5) [Form Input Verification]" time="0.180" /><testcase classname="com.aistudyplanner.e2e.Subjects&amp;AcademicPerformanceData" name="Test Subject difficulty color badge rating thresholds (1-5) [Responsive Viewport]" time="0.577" /><testcase classname="com.aistudyplanner.e2e.Subjects&amp;AcademicPerformanceData" name="Test Semester filter chip dropdown in subjects view [Default State]" time="0.156" /><testcase classname="com.aistudyplanner.e2e.Subjects&amp;AcademicPerformanceData" name="Test Semester filter chip dropdown in subjects view [Interactive Click]" time="0.141" /><testcase classname="com.aistudyplanner.e2e.Subjects&amp;AcademicPerformanceData" name="Test Semester filter chip dropdown in subjects view [Form Input Verification]" time="0.168" /><testcase classname="com.aistudyplanner.e2e.Subjects&amp;AcademicPerformanceData" name="Test Semester filter chip dropdown in subjects view [Responsive Viewport]" time="0.550" /><testcase classname="com.aistudyplanner.e2e.Subjects&amp;AcademicPerformanceData" name="Test Edit Subject modal and updating subject parameters [Default State]" time="0.168" /><testcase classname="com.aistudyplanner.e2e.Subjects&amp;AcademicPerformanceData" name="Test Edit Subject modal and updating subject parameters [Interactive Click]" time="0.153" /><testcase classname="com.aistudyplanner.e2e.Subjects&amp;AcademicPerformanceData" name="Test Edit Subject modal and updating subject parameters [Form Input Verification]" time="0.168" /><testcase classname="com.aistudyplanner.e2e.Subjects&amp;AcademicPerformanceData" name="Test Edit Subject modal and updating subject parameters [Responsive Viewport]" time="0.574" /><testcase classname="com.aistudyplanner.e2e.Subjects&amp;AcademicPerformanceData" name="Test Delete Subject confirmation dialog and cascade cleanup [Default State]" time="0.191" /><testcase classname="com.aistudyplanner.e2e.Subjects&amp;AcademicPerformanceData" name="Test Delete Subject confirmation dialog and cascade cleanup [Interactive Click]" time="0.161" /><testcase classname="com.aistudyplanner.e2e.Subjects&amp;AcademicPerformanceData" name="Test Delete Subject confirmation dialog and cascade cleanup [Form Input Verification]" time="0.146" /><testcase classname="com.aistudyplanner.e2e.Subjects&amp;AcademicPerformanceData" name="Test Delete Subject confirmation dialog and cascade cleanup [Responsive Viewport]" time="0.572" /><testcase classname="com.aistudyplanner.e2e.Subjects&amp;AcademicPerformanceData" name="Test Record test marks entry modal and auto-percentage [Default State]" time="0.182" /><testcase classname="com.aistudyplanner.e2e.Subjects&amp;AcademicPerformanceData" name="Test Record test marks entry modal and auto-percentage [Interactive Click]" time="0.168" /><testcase classname="com.aistudyplanner.e2e.Subjects&amp;AcademicPerformanceData" name="Test Record test marks entry modal and auto-percentage [Form Input Verification]" time="0.168" /><testcase classname="com.aistudyplanner.e2e.Subjects&amp;AcademicPerformanceData" name="Test Record test marks entry modal and auto-percentage [Responsive Viewport]" time="0.559" /><testcase classname="com.aistudyplanner.e2e.Subjects&amp;AcademicPerformanceData" name="Test Subject marks history display and exam scores list [Default State]" time="0.153" /><testcase classname="com.aistudyplanner.e2e.Subjects&amp;AcademicPerformanceData" name="Test Subject marks history display and exam scores list [Interactive Click]" time="0.187" /><testcase classname="com.aistudyplanner.e2e.Subjects&amp;AcademicPerformanceData" name="Test Subject marks history display and exam scores list [Form Input Verification]" time="0.163" /><testcase classname="com.aistudyplanner.e2e.Subjects&amp;AcademicPerformanceData" name="Test Subject marks history display and exam scores list [Responsive Viewport]" time="0.654" /><testcase classname="com.aistudyplanner.e2e.Subjects&amp;AcademicPerformanceData" name="Test Weak subject priority warning tag for average &lt;60% [Default State]" time="0.184" /><testcase classname="com.aistudyplanner.e2e.Subjects&amp;AcademicPerformanceData" name="Test Weak subject priority warning tag for average &lt;60% [Interactive Click]" time="0.555" /><testcase classname="com.aistudyplanner.e2e.Subjects&amp;AcademicPerformanceData" name="Test Weak subject priority warning tag for average &lt;60% [Form Input Verification]" time="0.241" /><testcase classname="com.aistudyplanner.e2e.Subjects&amp;AcademicPerformanceData" name="Test Weak subject priority warning tag for average &lt;60% [Responsive Viewport]" time="0.681" /><testcase classname="com.aistudyplanner.e2e.ExamsManagement&amp;Countdown" name="Test Exams page rendering and upcoming exam cards list [Default State]" time="0.159" /><testcase classname="com.aistudyplanner.e2e.ExamsManagement&amp;Countdown" name="Test Exams page rendering and upcoming exam cards list [Interactive Click]" time="0.163" /><testcase classname="com.aistudyplanner.e2e.ExamsManagement&amp;Countdown" name="Test Exams page rendering and upcoming exam cards list [Form Input Verification]" time="0.173" /><testcase classname="com.aistudyplanner.e2e.ExamsManagement&amp;Countdown" name="Test Exams page rendering and upcoming exam cards list [Responsive Viewport]" time="0.534" /><testcase classname="com.aistudyplanner.e2e.ExamsManagement&amp;Countdown" name="Test Add Exam modal (Subject, Exam Name, Date, Type) [Default State]" time="0.183" /><testcase classname="com.aistudyplanner.e2e.ExamsManagement&amp;Countdown" name="Test Add Exam modal (Subject, Exam Name, Date, Type) [Interactive Click]" time="0.171" /><testcase classname="com.aistudyplanner.e2e.ExamsManagement&amp;Countdown" name="Test Add Exam modal (Subject, Exam Name, Date, Type) [Form Input Verification]" time="0.173" /><testcase classname="com.aistudyplanner.e2e.ExamsManagement&amp;Countdown" name="Test Add Exam modal (Subject, Exam Name, Date, Type) [Responsive Viewport]" time="0.561" /><testcase classname="com.aistudyplanner.e2e.ExamsManagement&amp;Countdown" name="Test Exam countdown timer remaining days badge threshold [Default State]" time="0.164" /><testcase classname="com.aistudyplanner.e2e.ExamsManagement&amp;Countdown" name="Test Exam countdown timer remaining days badge threshold [Interactive Click]" time="0.157" /><testcase classname="com.aistudyplanner.e2e.ExamsManagement&amp;Countdown" name="Test Exam countdown timer remaining days badge threshold [Form Input Verification]" time="0.151" /><testcase classname="com.aistudyplanner.e2e.ExamsManagement&amp;Countdown" name="Test Exam countdown timer remaining days badge threshold [Responsive Viewport]" time="0.554" /><testcase classname="com.aistudyplanner.e2e.ExamsManagement&amp;Countdown" name="Test Syllabus coverage progress meter fill and topics [Default State]" time="0.151" /><testcase classname="com.aistudyplanner.e2e.ExamsManagement&amp;Countdown" name="Test Syllabus coverage progress meter fill and topics [Interactive Click]" time="0.171" /><testcase classname="com.aistudyplanner.e2e.ExamsManagement&amp;Countdown" name="Test Syllabus coverage progress meter fill and topics [Form Input Verification]" time="0.196" /><testcase classname="com.aistudyplanner.e2e.ExamsManagement&amp;Countdown" name="Test Syllabus coverage progress meter fill and topics [Responsive Viewport]" time="0.600" /><testcase classname="com.aistudyplanner.e2e.ExamsManagement&amp;Countdown" name="Test Exam type filter tags (Quiz, Midterm, Final) [Default State]" time="0.162" /><testcase classname="com.aistudyplanner.e2e.ExamsManagement&amp;Countdown" name="Test Exam type filter tags (Quiz, Midterm, Final) [Interactive Click]" time="0.174" /><testcase classname="com.aistudyplanner.e2e.ExamsManagement&amp;Countdown" name="Test Exam type filter tags (Quiz, Midterm, Final) [Form Input Verification]" time="0.154" /><testcase classname="com.aistudyplanner.e2e.ExamsManagement&amp;Countdown" name="Test Exam type filter tags (Quiz, Midterm, Final) [Responsive Viewport]" time="0.585" /><testcase classname="com.aistudyplanner.e2e.ExamsManagement&amp;Countdown" name="Test Edit Exam details and updating scheduled exam date [Default State]" time="0.148" /><testcase classname="com.aistudyplanner.e2e.ExamsManagement&amp;Countdown" name="Test Edit Exam details and updating scheduled exam date [Interactive Click]" time="0.159" /><testcase classname="com.aistudyplanner.e2e.ExamsManagement&amp;Countdown" name="Test Edit Exam details and updating scheduled exam date [Form Input Verification]" time="0.164" /><testcase classname="com.aistudyplanner.e2e.ExamsManagement&amp;Countdown" name="Test Edit Exam details and updating scheduled exam date [Responsive Viewport]" time="0.548" /><testcase classname="com.aistudyplanner.e2e.ExamsManagement&amp;Countdown" name="Test Delete Exam confirmation modal and list update [Default State]" time="0.190" /><testcase classname="com.aistudyplanner.e2e.ExamsManagement&amp;Countdown" name="Test Delete Exam confirmation modal and list update [Interactive Click]" time="0.181" /><testcase classname="com.aistudyplanner.e2e.ExamsManagement&amp;Countdown" name="Test Delete Exam confirmation modal and list update [Form Input Verification]" time="0.176" /><testcase classname="com.aistudyplanner.e2e.ExamsManagement&amp;Countdown" name="Test Delete Exam confirmation modal and list update [Responsive Viewport]" time="0.570" /><testcase classname="com.aistudyplanner.e2e.ExamsManagement&amp;Countdown" name="Test Exam date validation rejecting past dates [Default State]" time="0.163" /><testcase classname="com.aistudyplanner.e2e.ExamsManagement&amp;Countdown" name="Test Exam date validation rejecting past dates [Interactive Click]" time="0.156" /><testcase classname="com.aistudyplanner.e2e.ExamsManagement&amp;Countdown" name="Test Exam date validation rejecting past dates [Form Input Verification]" time="0.174" /><testcase classname="com.aistudyplanner.e2e.ExamsManagement&amp;Countdown" name="Test Exam date validation rejecting past dates [Responsive Viewport]" time="0.563" /><testcase classname="com.aistudyplanner.e2e.AITimetable&amp;StudyPlanner" name="Test Weekly 7-day study timetable grid layout (Mon-Sun) [Default State]" time="0.167" /><testcase classname="com.aistudyplanner.e2e.AITimetable&amp;StudyPlanner" name="Test Weekly 7-day study timetable grid layout (Mon-Sun) [Interactive Click]" time="0.183" /><testcase classname="com.aistudyplanner.e2e.AITimetable&amp;StudyPlanner" name="Test Weekly 7-day study timetable grid layout (Mon-Sun) [Form Input Verification]" time="0.158" /><testcase classname="com.aistudyplanner.e2e.AITimetable&amp;StudyPlanner" name="Test Weekly 7-day study timetable grid layout (Mon-Sun) [Responsive Viewport]" time="0.913" /><testcase classname="com.aistudyplanner.e2e.AITimetable&amp;StudyPlanner" name="Test 5-Step AI Timetable Generator wizard invocation [Default State]" time="0.214" /><testcase classname="com.aistudyplanner.e2e.AITimetable&amp;StudyPlanner" name="Test 5-Step AI Timetable Generator wizard invocation [Interactive Click]" time="0.161" /><testcase classname="com.aistudyplanner.e2e.AITimetable&amp;StudyPlanner" name="Test 5-Step AI Timetable Generator wizard invocation [Form Input Verification]" time="0.183" /><testcase classname="com.aistudyplanner.e2e.AITimetable&amp;StudyPlanner" name="Test 5-Step AI Timetable Generator wizard invocation [Responsive Viewport]" time="0.558" /><testcase classname="com.aistudyplanner.e2e.AITimetable&amp;StudyPlanner" name="Test Daily study availability slider adjustment [Default State]" time="0.161" /><testcase classname="com.aistudyplanner.e2e.AITimetable&amp;StudyPlanner" name="Test Daily study availability slider adjustment [Interactive Click]" time="0.164" /><testcase classname="com.aistudyplanner.e2e.AITimetable&amp;StudyPlanner" name="Test Daily study availability slider adjustment [Form Input Verification]" time="0.186" /><testcase classname="com.aistudyplanner.e2e.AITimetable&amp;StudyPlanner" name="Test Daily study availability slider adjustment [Responsive Viewport]" time="0.571" /><testcase classname="com.aistudyplanner.e2e.AITimetable&amp;StudyPlanner" name="Test AI timetable generation loading state and Groq indicator [Default State]" time="0.193" /><testcase classname="com.aistudyplanner.e2e.AITimetable&amp;StudyPlanner" name="Test AI timetable generation loading state and Groq indicator [Interactive Click]" time="0.183" /><testcase classname="com.aistudyplanner.e2e.AITimetable&amp;StudyPlanner" name="Test AI timetable generation loading state and Groq indicator [Form Input Verification]" time="0.199" /><testcase classname="com.aistudyplanner.e2e.AITimetable&amp;StudyPlanner" name="Test AI timetable generation loading state and Groq indicator [Responsive Viewport]" time="0.587" /><testcase classname="com.aistudyplanner.e2e.AITimetable&amp;StudyPlanner" name="Test Weak-subject prioritization (+40% slots for &lt;60%) [Default State]" time="0.180" /><testcase classname="com.aistudyplanner.e2e.AITimetable&amp;StudyPlanner" name="Test Weak-subject prioritization (+40% slots for &lt;60%) [Interactive Click]" time="0.154" /><testcase classname="com.aistudyplanner.e2e.AITimetable&amp;StudyPlanner" name="Test Weak-subject prioritization (+40% slots for &lt;60%) [Form Input Verification]" time="0.180" /><testcase classname="com.aistudyplanner.e2e.AITimetable&amp;StudyPlanner" name="Test Weak-subject prioritization (+40% slots for &lt;60%) [Responsive Viewport]" time="0.578" /><testcase classname="com.aistudyplanner.e2e.AITimetable&amp;StudyPlanner" name="Test Exam deadline proximity prioritization (&lt;=7 days) [Default State]" time="0.171" /><testcase classname="com.aistudyplanner.e2e.AITimetable&amp;StudyPlanner" name="Test Exam deadline proximity prioritization (&lt;=7 days) [Interactive Click]" time="0.169" /><testcase classname="com.aistudyplanner.e2e.AITimetable&amp;StudyPlanner" name="Test Exam deadline proximity prioritization (&lt;=7 days) [Form Input Verification]" time="0.187" /><testcase classname="com.aistudyplanner.e2e.AITimetable&amp;StudyPlanner" name="Test Exam deadline proximity prioritization (&lt;=7 days) [Responsive Viewport]" time="0.582" /><testcase classname="com.aistudyplanner.e2e.AITimetable&amp;StudyPlanner" name="Test Study slot completion checkbox toggle and streak [Default State]" time="0.172" /><testcase classname="com.aistudyplanner.e2e.AITimetable&amp;StudyPlanner" name="Test Study slot completion checkbox toggle and streak [Interactive Click]" time="0.208" /><testcase classname="com.aistudyplanner.e2e.AITimetable&amp;StudyPlanner" name="Test Study slot completion checkbox toggle and streak [Form Input Verification]" time="0.650" /><testcase classname="com.aistudyplanner.e2e.AITimetable&amp;StudyPlanner" name="Test Study slot completion checkbox toggle and streak [Responsive Viewport]" time="0.571" /><testcase classname="com.aistudyplanner.e2e.AITimetable&amp;StudyPlanner" name="Test Add custom study slot modal and time range validation [Default State]" time="0.164" /><testcase classname="com.aistudyplanner.e2e.AITimetable&amp;StudyPlanner" name="Test Add custom study slot modal and time range validation [Interactive Click]" time="0.182" /><testcase classname="com.aistudyplanner.e2e.AITimetable&amp;StudyPlanner" name="Test Add custom study slot modal and time range validation [Form Input Verification]" time="0.167" /><testcase classname="com.aistudyplanner.e2e.AITimetable&amp;StudyPlanner" name="Test Add custom study slot modal and time range validation [Responsive Viewport]" time="0.551" /><testcase classname="com.aistudyplanner.e2e.AITimetable&amp;StudyPlanner" name="Test Delete custom study slot from active timetable [Default State]" time="0.568" /><testcase classname="com.aistudyplanner.e2e.AITimetable&amp;StudyPlanner" name="Test Delete custom study slot from active timetable [Interactive Click]" time="0.201" /><testcase classname="com.aistudyplanner.e2e.AITimetable&amp;StudyPlanner" name="Test Delete custom study slot from active timetable [Form Input Verification]" time="0.229" /><testcase classname="com.aistudyplanner.e2e.AITimetable&amp;StudyPlanner" name="Test Delete custom study slot from active timetable [Responsive Viewport]" time="0.594" /><testcase classname="com.aistudyplanner.e2e.AITimetable&amp;StudyPlanner" name="Test Export weekly timetable as downloadable PDF document [Default State]" time="0.162" /><testcase classname="com.aistudyplanner.e2e.AITimetable&amp;StudyPlanner" name="Test Export weekly timetable as downloadable PDF document [Interactive Click]" time="0.176" /><testcase classname="com.aistudyplanner.e2e.AITimetable&amp;StudyPlanner" name="Test Export weekly timetable as downloadable PDF document [Form Input Verification]" time="0.187" /><testcase classname="com.aistudyplanner.e2e.AITimetable&amp;StudyPlanner" name="Test Export weekly timetable as downloadable PDF document [Responsive Viewport]" time="0.572" /><testcase classname="com.aistudyplanner.e2e.AcademicMaterials&amp;PDFBoxNLPIntelligence" name="Test Study materials library page rendering and file list [Default State]" time="0.181" /><testcase classname="com.aistudyplanner.e2e.AcademicMaterials&amp;PDFBoxNLPIntelligence" name="Test Study materials library page rendering and file list [Interactive Click]" time="0.206" /><testcase classname="com.aistudyplanner.e2e.AcademicMaterials&amp;PDFBoxNLPIntelligence" name="Test Study materials library page rendering and file list [Form Input Verification]" time="0.173" /><testcase classname="com.aistudyplanner.e2e.AcademicMaterials&amp;PDFBoxNLPIntelligence" name="Test Study materials library page rendering and file list [Responsive Viewport]" time="0.936" /><testcase classname="com.aistudyplanner.e2e.AcademicMaterials&amp;PDFBoxNLPIntelligence" name="Test Drag-and-drop PDF upload dropzone and file selection [Default State]" time="0.160" /><testcase classname="com.aistudyplanner.e2e.AcademicMaterials&amp;PDFBoxNLPIntelligence" name="Test Drag-and-drop PDF upload dropzone and file selection [Interactive Click]" time="0.611" /><testcase classname="com.aistudyplanner.e2e.AcademicMaterials&amp;PDFBoxNLPIntelligence" name="Test Drag-and-drop PDF upload dropzone and file selection [Form Input Verification]" time="0.181" /><testcase classname="com.aistudyplanner.e2e.AcademicMaterials&amp;PDFBoxNLPIntelligence" name="Test Drag-and-drop PDF upload dropzone and file selection [Responsive Viewport]" time="0.585" /><testcase classname="com.aistudyplanner.e2e.AcademicMaterials&amp;PDFBoxNLPIntelligence" name="Test Apache PDFBox text extraction and status badge [Default State]" time="0.173" /><testcase classname="com.aistudyplanner.e2e.AcademicMaterials&amp;PDFBoxNLPIntelligence" name="Test Apache PDFBox text extraction and status badge [Interactive Click]" time="0.501" /><testcase classname="com.aistudyplanner.e2e.AcademicMaterials&amp;PDFBoxNLPIntelligence" name="Test Apache PDFBox text extraction and status badge [Form Input Verification]" time="0.172" /><testcase classname="com.aistudyplanner.e2e.AcademicMaterials&amp;PDFBoxNLPIntelligence" name="Test Apache PDFBox text extraction and status badge [Responsive Viewport]" time="0.607" /><testcase classname="com.aistudyplanner.e2e.AcademicMaterials&amp;PDFBoxNLPIntelligence" name="Test Extracted TF-IDF keyphrase chips display [Default State]" time="0.499" /><testcase classname="com.aistudyplanner.e2e.AcademicMaterials&amp;PDFBoxNLPIntelligence" name="Test Extracted TF-IDF keyphrase chips display [Interactive Click]" time="0.173" /><testcase classname="com.aistudyplanner.e2e.AcademicMaterials&amp;PDFBoxNLPIntelligence" name="Test Extracted TF-IDF keyphrase chips display [Form Input Verification]" time="0.518" /><testcase classname="com.aistudyplanner.e2e.AcademicMaterials&amp;PDFBoxNLPIntelligence" name="Test Extracted TF-IDF keyphrase chips display [Responsive Viewport]" time="0.885" /><testcase classname="com.aistudyplanner.e2e.AcademicMaterials&amp;PDFBoxNLPIntelligence" name="Test Chapter and section detection accordion expand/collapse [Default State]" time="0.536" /><testcase classname="com.aistudyplanner.e2e.AcademicMaterials&amp;PDFBoxNLPIntelligence" name="Test Chapter and section detection accordion expand/collapse [Interactive Click]" time="0.563" /><testcase classname="com.aistudyplanner.e2e.AcademicMaterials&amp;PDFBoxNLPIntelligence" name="Test Chapter and section detection accordion expand/collapse [Form Input Verification]" time="0.525" /><testcase classname="com.aistudyplanner.e2e.AcademicMaterials&amp;PDFBoxNLPIntelligence" name="Test Chapter and section detection accordion expand/collapse [Responsive Viewport]" time="0.874" /><testcase classname="com.aistudyplanner.e2e.AcademicMaterials&amp;PDFBoxNLPIntelligence" name="Test Document difficulty rating score (0-100) and reasoning [Default State]" time="0.518" /><testcase classname="com.aistudyplanner.e2e.AcademicMaterials&amp;PDFBoxNLPIntelligence" name="Test Document difficulty rating score (0-100) and reasoning [Interactive Click]" time="0.982" /><testcase classname="com.aistudyplanner.e2e.AcademicMaterials&amp;PDFBoxNLPIntelligence" name="Test Document difficulty rating score (0-100) and reasoning [Form Input Verification]" time="0.535" /><testcase classname="com.aistudyplanner.e2e.AcademicMaterials&amp;PDFBoxNLPIntelligence" name="Test Document difficulty rating score (0-100) and reasoning [Responsive Viewport]" time="0.920" /><testcase classname="com.aistudyplanner.e2e.AcademicMaterials&amp;PDFBoxNLPIntelligence" name="Test Reprocess material NLP pipeline trigger [Default State]" time="0.549" /><testcase classname="com.aistudyplanner.e2e.AcademicMaterials&amp;PDFBoxNLPIntelligence" name="Test Reprocess material NLP pipeline trigger [Interactive Click]" time="0.647" /><testcase classname="com.aistudyplanner.e2e.AcademicMaterials&amp;PDFBoxNLPIntelligence" name="Test Reprocess material NLP pipeline trigger [Form Input Verification]" time="0.572" /><testcase classname="com.aistudyplanner.e2e.AcademicMaterials&amp;PDFBoxNLPIntelligence" name="Test Reprocess material NLP pipeline trigger [Responsive Viewport]" time="0.883" /><testcase classname="com.aistudyplanner.e2e.AcademicMaterials&amp;PDFBoxNLPIntelligence" name="Test Delete study material and storage file cleanup [Default State]" time="0.561" /><testcase classname="com.aistudyplanner.e2e.AcademicMaterials&amp;PDFBoxNLPIntelligence" name="Test Delete study material and storage file cleanup [Interactive Click]" time="0.696" /><testcase classname="com.aistudyplanner.e2e.AcademicMaterials&amp;PDFBoxNLPIntelligence" name="Test Delete study material and storage file cleanup [Form Input Verification]" time="0.536" /><testcase classname="com.aistudyplanner.e2e.AcademicMaterials&amp;PDFBoxNLPIntelligence" name="Test Delete study material and storage file cleanup [Responsive Viewport]" time="0.912" /><testcase classname="com.aistudyplanner.e2e.GroqAICoach&amp;ChatAttachments" name="Test AI Chat interface rendering and message bubble styling [Default State]" time="0.588" /><testcase classname="com.aistudyplanner.e2e.GroqAICoach&amp;ChatAttachments" name="Test AI Chat interface rendering and message bubble styling [Interactive Click]" time="0.514" /><testcase classname="com.aistudyplanner.e2e.GroqAICoach&amp;ChatAttachments" name="Test AI Chat interface rendering and message bubble styling [Form Input Verification]" time="0.566" /><testcase classname="com.aistudyplanner.e2e.GroqAICoach&amp;ChatAttachments" name="Test AI Chat interface rendering and message bubble styling [Responsive Viewport]" time="0.912" /><testcase classname="com.aistudyplanner.e2e.GroqAICoach&amp;ChatAttachments" name="Test Send study query to Groq AI Coach and typing indicator [Default State]" time="0.573" /><testcase classname="com.aistudyplanner.e2e.GroqAICoach&amp;ChatAttachments" name="Test Send study query to Groq AI Coach and typing indicator [Interactive Click]" time="0.529" /><testcase classname="com.aistudyplanner.e2e.GroqAICoach&amp;ChatAttachments" name="Test Send study query to Groq AI Coach and typing indicator [Form Input Verification]" time="0.605" /><testcase classname="com.aistudyplanner.e2e.GroqAICoach&amp;ChatAttachments" name="Test Send study query to Groq AI Coach and typing indicator [Responsive Viewport]" time="0.916" /><testcase classname="com.aistudyplanner.e2e.GroqAICoach&amp;ChatAttachments" name="Test Markdown rendering and syntax-highlighted code container [Default State]" time="0.509" /><testcase classname="com.aistudyplanner.e2e.GroqAICoach&amp;ChatAttachments" name="Test Markdown rendering and syntax-highlighted code container [Interactive Click]" time="0.587" /><testcase classname="com.aistudyplanner.e2e.GroqAICoach&amp;ChatAttachments" name="Test Markdown rendering and syntax-highlighted code container [Form Input Verification]" time="0.517" /><testcase classname="com.aistudyplanner.e2e.GroqAICoach&amp;ChatAttachments" name="Test Markdown rendering and syntax-highlighted code container [Responsive Viewport]" time="0.933" /><testcase classname="com.aistudyplanner.e2e.GroqAICoach&amp;ChatAttachments" name="Test Copy code snippet to clipboard button interaction [Default State]" time="0.666" /><testcase classname="com.aistudyplanner.e2e.GroqAICoach&amp;ChatAttachments" name="Test Copy code snippet to clipboard button interaction [Interactive Click]" time="0.626" /><testcase classname="com.aistudyplanner.e2e.GroqAICoach&amp;ChatAttachments" name="Test Copy code snippet to clipboard button interaction [Form Input Verification]" time="0.539" /><testcase classname="com.aistudyplanner.e2e.GroqAICoach&amp;ChatAttachments" name="Test Copy code snippet to clipboard button interaction [Responsive Viewport]" time="0.918" /><testcase classname="com.aistudyplanner.e2e.GroqAICoach&amp;ChatAttachments" name="Test Chat paperclip attachment button and uploading study notes [Default State]" time="0.599" /><testcase classname="com.aistudyplanner.e2e.GroqAICoach&amp;ChatAttachments" name="Test Chat paperclip attachment button and uploading study notes [Interactive Click]" time="0.500" /><testcase classname="com.aistudyplanner.e2e.GroqAICoach&amp;ChatAttachments" name="Test Chat paperclip attachment button and uploading study notes [Form Input Verification]" time="0.546" /><testcase classname="com.aistudyplanner.e2e.GroqAICoach&amp;ChatAttachments" name="Test Chat paperclip attachment button and uploading study notes [Responsive Viewport]" time="1.048" /><testcase classname="com.aistudyplanner.e2e.GroqAICoach&amp;ChatAttachments" name="Test Asking questions using uploaded material NLP context [Default State]" time="0.527" /><testcase classname="com.aistudyplanner.e2e.GroqAICoach&amp;ChatAttachments" name="Test Asking questions using uploaded material NLP context [Interactive Click]" time="0.692" /><testcase classname="com.aistudyplanner.e2e.GroqAICoach&amp;ChatAttachments" name="Test Asking questions using uploaded material NLP context [Form Input Verification]" time="0.530" /><testcase classname="com.aistudyplanner.e2e.GroqAICoach&amp;ChatAttachments" name="Test Asking questions using uploaded material NLP context [Responsive Viewport]" time="0.909" /><testcase classname="com.aistudyplanner.e2e.GroqAICoach&amp;ChatAttachments" name="Test Session history sidebar switching and persistence [Default State]" time="0.506" /><testcase classname="com.aistudyplanner.e2e.GroqAICoach&amp;ChatAttachments" name="Test Session history sidebar switching and persistence [Interactive Click]" time="0.574" /><testcase classname="com.aistudyplanner.e2e.GroqAICoach&amp;ChatAttachments" name="Test Session history sidebar switching and persistence [Form Input Verification]" time="0.556" /><testcase classname="com.aistudyplanner.e2e.GroqAICoach&amp;ChatAttachments" name="Test Session history sidebar switching and persistence [Responsive Viewport]" time="0.922" /><testcase classname="com.aistudyplanner.e2e.AcademicAnalytics&amp;Subscriptions" name="Test Academic performance analytics and overall GPA radial gauge [Default State]" time="0.531" /><testcase classname="com.aistudyplanner.e2e.AcademicAnalytics&amp;Subscriptions" name="Test Academic performance analytics and overall GPA radial gauge [Interactive Click]" time="0.201" /><testcase classname="com.aistudyplanner.e2e.AcademicAnalytics&amp;Subscriptions" name="Test Academic performance analytics and overall GPA radial gauge [Form Input Verification]" time="0.474" /><testcase classname="com.aistudyplanner.e2e.AcademicAnalytics&amp;Subscriptions" name="Test Academic performance analytics and overall GPA radial gauge [Responsive Viewport]" time="0.969" /><testcase classname="com.aistudyplanner.e2e.AcademicAnalytics&amp;Subscriptions" name="Test Subject marks comparison bar chart and trend curves [Default State]" time="0.549" /><testcase classname="com.aistudyplanner.e2e.AcademicAnalytics&amp;Subscriptions" name="Test Subject marks comparison bar chart and trend curves [Interactive Click]" time="0.601" /><testcase classname="com.aistudyplanner.e2e.AcademicAnalytics&amp;Subscriptions" name="Test Subject marks comparison bar chart and trend curves [Form Input Verification]" time="0.635" /><testcase classname="com.aistudyplanner.e2e.AcademicAnalytics&amp;Subscriptions" name="Test Subject marks comparison bar chart and trend curves [Responsive Viewport]" time="0.979" /><testcase classname="com.aistudyplanner.e2e.AcademicAnalytics&amp;Subscriptions" name="Test Subscription plans comparison matrix (Free vs Pro vs Premium) [Default State]" time="0.589" /><testcase classname="com.aistudyplanner.e2e.AcademicAnalytics&amp;Subscriptions" name="Test Subscription plans comparison matrix (Free vs Pro vs Premium) [Interactive Click]" time="0.660" /><testcase classname="com.aistudyplanner.e2e.AcademicAnalytics&amp;Subscriptions" name="Test Subscription plans comparison matrix (Free vs Pro vs Premium) [Form Input Verification]" time="0.612" /><testcase classname="com.aistudyplanner.e2e.AcademicAnalytics&amp;Subscriptions" name="Test Subscription plans comparison matrix (Free vs Pro vs Premium) [Responsive Viewport]" time="1.334" /><testcase classname="com.aistudyplanner.e2e.AcademicAnalytics&amp;Subscriptions" name="Test Razorpay checkout payment modal initialization [Default State]" time="0.952" /><testcase classname="com.aistudyplanner.e2e.AcademicAnalytics&amp;Subscriptions" name="Test Razorpay checkout payment modal initialization [Interactive Click]" time="0.647" /><testcase classname="com.aistudyplanner.e2e.AcademicAnalytics&amp;Subscriptions" name="Test Razorpay checkout payment modal initialization [Form Input Verification]" time="0.604" /><testcase classname="com.aistudyplanner.e2e.AcademicAnalytics&amp;Subscriptions" name="Test Razorpay checkout payment modal initialization [Responsive Viewport]" time="1.050" /></testsuite>